This file contains any messages produced by compilers while
running configure, to aid debugging if configure makes a mistake.

It was created by Verilator configure 5.027 devel, which was
generated by GNU Autoconf 2.69.  Invocation command line was

  $ ./configure 

## --------- ##
## Platform. ##
## --------- ##

hostname = parma
uname -m = x86_64
uname -r = 4.18.0-529.el8.x86_64
uname -s = Linux
uname -v = #1 SMP Wed Dec 6 01:03:46 UTC 2023

/usr/bin/uname -p = x86_64
/bin/uname -X     = unknown

/bin/arch              = x86_64
/usr/bin/arch -k       = unknown
/usr/convex/getsysinfo = unknown
/usr/bin/hostinfo      = unknown
/bin/machine           = unknown
/usr/bin/oslevel       = unknown
/bin/universe          = unknown

PATH: /home/yilou/Desktop/OSVISE/Asyn_Fifo/Asyn_Fifo/sv_tb/verilator_sim/myenv/bin
PATH: /opt/rh/gcc-toolset-12/root/usr/bin
PATH: /home/yilou/.local/bin
PATH: /home/yilou/bin
PATH: /usr/share/Modules/bin
PATH: /usr/local/bin
PATH: /usr/bin
PATH: /usr/local/sbin
PATH: /usr/sbin
PATH: /opt/questasim/linux_x86_64
PATH: /opt/questasim/linux_x86_64
PATH: /opt/questasim/linux_x86_64
PATH: /opt/questasim/linux_x86_64
PATH: /opt/questasim/linux_x86_64


## ----------- ##
## Core tests. ##
## ----------- ##

configure:2173: result: configuring for Verilator 5.027 devel
configure:2209: checking whether to perform partial static linking of Verilator binary
configure:2222: result: yes
configure:2226: checking whether to use tcmalloc
configure:2239: result: check
configure:2243: checking whether to build for coverage collection
configure:2256: result: no
configure:2260: checking whether to use hardcoded paths
configure:2274: result: yes
configure:2278: checking whether to show and stop on compilation warnings
configure:2296: result: no
configure:2300: checking whether to run long tests
configure:2318: result: no
configure:2323: checking for z3
configure:2339: found /home/yilou/Desktop/OSVISE/Asyn_Fifo/Asyn_Fifo/sv_tb/verilator_sim/myenv/bin/z3
configure:2350: result: yes
configure:2360: checking for cvc5
configure:2390: result: no
configure:2397: checking for cvc4
configure:2427: result: no
configure:2434: checking for SMT solver
configure:2453: result: z3 --in
configure:2511: checking for gcc
configure:2527: found /opt/rh/gcc-toolset-12/root/usr/bin/gcc
configure:2538: result: gcc
configure:2767: checking for C compiler version
configure:2776: gcc --version >&5
gcc (GCC) 12.2.1 20221121 (Red Hat 12.2.1-7)
Copyright (C) 2022 Free Software Foundation, Inc.
This is free software; see the source for copying conditions.  There is NO
warranty; not even for MERCHANTABILITY or FITNESS FOR A PARTICULAR PURPOSE.

configure:2787: $? = 0
configure:2776: gcc -v >&5
Using built-in specs.
COLLECT_GCC=gcc
COLLECT_LTO_WRAPPER=/opt/rh/gcc-toolset-12/root/usr/libexec/gcc/x86_64-redhat-linux/12/lto-wrapper
OFFLOAD_TARGET_NAMES=nvptx-none
OFFLOAD_TARGET_DEFAULT=1
Target: x86_64-redhat-linux
Configured with: ../configure --enable-bootstrap --enable-languages=c,c++,fortran,lto --prefix=/opt/rh/gcc-toolset-12/root/usr --mandir=/opt/rh/gcc-toolset-12/root/usr/share/man --infodir=/opt/rh/gcc-toolset-12/root/usr/share/info --with-bugurl=http://bugzilla.redhat.com/bugzilla --enable-shared --enable-threads=posix --enable-checking=release --enable-multilib --with-system-zlib --enable-__cxa_atexit --disable-libunwind-exceptions --enable-gnu-unique-object --enable-linker-build-id --with-gcc-major-version-only --enable-libstdcxx-backtrace --with-linker-hash-style=gnu --enable-plugin --enable-initfini-array --with-isl=/builddir/build/BUILD/gcc-12.2.1-20221121/obj-x86_64-redhat-linux/isl-install --enable-offload-targets=nvptx-none --without-cuda-driver --enable-offload-defaulted --enable-gnu-indirect-function --enable-cet --with-tune=generic --with-arch_32=x86-64 --build=x86_64-redhat-linux
Thread model: posix
Supported LTO compression algorithms: zlib zstd
gcc version 12.2.1 20221121 (Red Hat 12.2.1-7) (GCC) 
... rest of stderr output deleted ...
configure:2787: $? = 0
configure:2776: gcc -V >&5
gcc: error: unrecognized command-line option '-V'
gcc: fatal error: no input files
compilation terminated.
configure:2787: $? = 1
configure:2776: gcc -qversion >&5
gcc: error: unrecognized command-line option '-qversion'; did you mean '--version'?
gcc: fatal error: no input files
compilation terminated.
configure:2787: $? = 1
configure:2807: checking whether the C compiler works
configure:2829: gcc       conftest.c  >&5
configure:2833: $? = 0
configure:2881: result: yes
configure:2884: checking for C compiler default output file name
configure:2886: result: a.out
configure:2892: checking for suffix of executables
configure:2899: gcc -o conftest       conftest.c  >&5
configure:2903: $? = 0
configure:2925: result: 
configure:2947: checking whether we are cross compiling
configure:2955: gcc -o conftest       conftest.c  >&5
configure:2959: $? = 0
configure:2966: ./conftest
configure:2970: $? = 0
configure:2985: result: no
configure:2990: checking for suffix of object files
configure:3012: gcc -c     conftest.c >&5
configure:3016: $? = 0
configure:3037: result: o
configure:3041: checking whether we are using the GNU C compiler
configure:3060: gcc -c     conftest.c >&5
configure:3060: $? = 0
configure:3069: result: yes
configure:3078: checking whether gcc accepts -g
configure:3098: gcc -c -g   conftest.c >&5
configure:3098: $? = 0
configure:3139: result: yes
configure:3156: checking for gcc option to accept ISO C89
configure:3219: gcc  -c     conftest.c >&5
configure:3219: $? = 0
configure:3232: result: none needed
configure:3310: checking for g++
configure:3326: found /opt/rh/gcc-toolset-12/root/usr/bin/g++
configure:3337: result: g++
configure:3364: checking for C++ compiler version
configure:3373: g++ --version >&5
g++ (GCC) 12.2.1 20221121 (Red Hat 12.2.1-7)
Copyright (C) 2022 Free Software Foundation, Inc.
This is free software; see the source for copying conditions.  There is NO
warranty; not even for MERCHANTABILITY or FITNESS FOR A PARTICULAR PURPOSE.

configure:3384: $? = 0
configure:3373: g++ -v >&5
Using built-in specs.
COLLECT_GCC=g++
COLLECT_LTO_WRAPPER=/opt/rh/gcc-toolset-12/root/usr/libexec/gcc/x86_64-redhat-linux/12/lto-wrapper
OFFLOAD_TARGET_NAMES=nvptx-none
OFFLOAD_TARGET_DEFAULT=1
Target: x86_64-redhat-linux
Configured with: ../configure --enable-bootstrap --enable-languages=c,c++,fortran,lto --prefix=/opt/rh/gcc-toolset-12/root/usr --mandir=/opt/rh/gcc-toolset-12/root/usr/share/man --infodir=/opt/rh/gcc-toolset-12/root/usr/share/info --with-bugurl=http://bugzilla.redhat.com/bugzilla --enable-shared --enable-threads=posix --enable-checking=release --enable-multilib --with-system-zlib --enable-__cxa_atexit --disable-libunwind-exceptions --enable-gnu-unique-object --enable-linker-build-id --with-gcc-major-version-only --enable-libstdcxx-backtrace --with-linker-hash-style=gnu --enable-plugin --enable-initfini-array --with-isl=/builddir/build/BUILD/gcc-12.2.1-20221121/obj-x86_64-redhat-linux/isl-install --enable-offload-targets=nvptx-none --without-cuda-driver --enable-offload-defaulted --enable-gnu-indirect-function --enable-cet --with-tune=generic --with-arch_32=x86-64 --build=x86_64-redhat-linux
Thread model: posix
Supported LTO compression algorithms: zlib zstd
gcc version 12.2.1 20221121 (Red Hat 12.2.1-7) (GCC) 
... rest of stderr output deleted ...
configure:3384: $? = 0
configure:3373: g++ -V >&5
g++: error: unrecognized command-line option '-V'
g++: fatal error: no input files
compilation terminated.
configure:3384: $? = 1
configure:3373: g++ -qversion >&5
g++: error: unrecognized command-line option '-qversion'; did you mean '--version'?
g++: fatal error: no input files
compilation terminated.
configure:3384: $? = 1
configure:3388: checking whether we are using the GNU C++ compiler
configure:3407: g++ -c     conftest.cpp >&5
configure:3407: $? = 0
configure:3416: result: yes
configure:3425: checking whether g++ accepts -g
configure:3445: g++ -c -g   conftest.cpp >&5
configure:3445: $? = 0
configure:3486: result: yes
configure:3552: checking for a BSD-compatible install
configure:3620: result: /usr/bin/install -c
configure:3639: result: compiler is g++ --version = g++ (GCC) 12.2.1 20221121 (Red Hat 12.2.1-7)
configure:3641: checking that C++ compiler can compile simple program
configure:3652: g++ -o conftest       conftest.cpp  >&5
configure:3652: $? = 0
configure:3652: ./conftest
configure:3652: $? = 0
configure:3653: result: yes
configure:3666: checking for ar
configure:3682: found /opt/rh/gcc-toolset-12/root/usr/bin/ar
configure:3693: result: ar
configure:3707: checking for perl
configure:3725: found /usr/bin/perl
configure:3737: result: /usr/bin/perl
configure:3751: checking for python3
configure:3769: found /home/yilou/Desktop/OSVISE/Asyn_Fifo/Asyn_Fifo/sv_tb/verilator_sim/myenv/bin/python3
configure:3781: result: /home/yilou/Desktop/OSVISE/Asyn_Fifo/Asyn_Fifo/sv_tb/verilator_sim/myenv/bin/python3
configure:3795: checking for flex
configure:3813: found /usr/bin/flex
configure:3825: result: /usr/bin/flex
configure:3837: result: /usr/bin/flex --version = flex 2.6.1
configure:3842: checking for bison
configure:3860: found /usr/bin/bison
configure:3872: result: /usr/bin/bison
configure:3884: result: /usr/bin/bison --version = bison (GNU Bison) 3.0.4
configure:3889: checking for ccache
configure:3919: result: no
configure:3938: checking how to run the C++ preprocessor
configure:3965: g++ -E   conftest.cpp
configure:3965: $? = 0
configure:3979: g++ -E   conftest.cpp
conftest.cpp:11:10: fatal error: ac_nonexistent.h: No such file or directory
   11 | #include <ac_nonexistent.h>
      |          ^~~~~~~~~~~~~~~~~~
compilation terminated.
configure:3979: $? = 1
configure: failed program was:
| /* confdefs.h */
| #define PACKAGE_NAME "Verilator"
| #define PACKAGE_TARNAME "verilator"
| #define PACKAGE_VERSION "5.027 devel"
| #define PACKAGE_STRING "Verilator 5.027 devel"
| #define PACKAGE_BUGREPORT "https://verilator.org"
| #define PACKAGE_URL "https://verilator.org"
| #define PACKAGE_VERSION_NUMBER_STRING "5.027"
| #define PACKAGE_VERSION_STRING_CHAR static const char* const PACKAGE_STRING_UNUSED = "Verilator 5.027 devel";
| /* end confdefs.h.  */
| #include <ac_nonexistent.h>
configure:4004: result: g++ -E
configure:4024: g++ -E   conftest.cpp
configure:4024: $? = 0
configure:4038: g++ -E   conftest.cpp
conftest.cpp:11:10: fatal error: ac_nonexistent.h: No such file or directory
   11 | #include <ac_nonexistent.h>
      |          ^~~~~~~~~~~~~~~~~~
compilation terminated.
configure:4038: $? = 1
configure: failed program was:
| /* confdefs.h */
| #define PACKAGE_NAME "Verilator"
| #define PACKAGE_TARNAME "verilator"
| #define PACKAGE_VERSION "5.027 devel"
| #define PACKAGE_STRING "Verilator 5.027 devel"
| #define PACKAGE_BUGREPORT "https://verilator.org"
| #define PACKAGE_URL "https://verilator.org"
| #define PACKAGE_VERSION_NUMBER_STRING "5.027"
| #define PACKAGE_VERSION_STRING_CHAR static const char* const PACKAGE_STRING_UNUSED = "Verilator 5.027 devel";
| /* end confdefs.h.  */
| #include <ac_nonexistent.h>
configure:4067: checking for grep that handles long lines and -e
configure:4125: result: /usr/bin/grep
configure:4130: checking for egrep
configure:4192: result: /usr/bin/grep -E
configure:4197: checking for ANSI C header files
configure:4217: g++ -c     conftest.cpp >&5
configure:4217: $? = 0
configure:4290: g++ -o conftest       conftest.cpp  >&5
configure:4290: $? = 0
configure:4290: ./conftest
configure:4290: $? = 0
configure:4301: result: yes
configure:4314: checking for sys/types.h
configure:4314: g++ -c     conftest.cpp >&5
configure:4314: $? = 0
configure:4314: result: yes
configure:4314: checking for sys/stat.h
configure:4314: g++ -c     conftest.cpp >&5
configure:4314: $? = 0
configure:4314: result: yes
configure:4314: checking for stdlib.h
configure:4314: g++ -c     conftest.cpp >&5
configure:4314: $? = 0
configure:4314: result: yes
configure:4314: checking for string.h
configure:4314: g++ -c     conftest.cpp >&5
configure:4314: $? = 0
configure:4314: result: yes
configure:4314: checking for memory.h
configure:4314: g++ -c     conftest.cpp >&5
configure:4314: $? = 0
configure:4314: result: yes
configure:4314: checking for strings.h
configure:4314: g++ -c     conftest.cpp >&5
configure:4314: $? = 0
configure:4314: result: yes
configure:4314: checking for inttypes.h
configure:4314: g++ -c     conftest.cpp >&5
configure:4314: $? = 0
configure:4314: result: yes
configure:4314: checking for stdint.h
configure:4314: g++ -c     conftest.cpp >&5
configure:4314: $? = 0
configure:4314: result: yes
configure:4314: checking for unistd.h
configure:4314: g++ -c     conftest.cpp >&5
configure:4314: $? = 0
configure:4314: result: yes
configure:4326: checking for size_t
configure:4326: g++ -c     conftest.cpp >&5
configure:4326: $? = 0
configure:4326: g++ -c     conftest.cpp >&5
conftest.cpp: In function 'int main()':
conftest.cpp:57:20: error: expected primary-expression before ')' token
   57 | if (sizeof ((size_t)))
      |                    ^
configure:4326: $? = 1
configure: failed program was:
| /* confdefs.h */
| #define PACKAGE_NAME "Verilator"
| #define PACKAGE_TARNAME "verilator"
| #define PACKAGE_VERSION "5.027 devel"
| #define PACKAGE_STRING "Verilator 5.027 devel"
| #define PACKAGE_BUGREPORT "https://verilator.org"
| #define PACKAGE_URL "https://verilator.org"
| #define PACKAGE_VERSION_NUMBER_STRING "5.027"
| #define PACKAGE_VERSION_STRING_CHAR static const char* const PACKAGE_STRING_UNUSED = "Verilator 5.027 devel";
| #define STDC_HEADERS 1
| #define HAVE_SYS_TYPES_H 1
| #define HAVE_SYS_STAT_H 1
| #define HAVE_STDLIB_H 1
| #define HAVE_STRING_H 1
| #define HAVE_MEMORY_H 1
| #define HAVE_STRINGS_H 1
| #define HAVE_INTTYPES_H 1
| #define HAVE_STDINT_H 1
| #define HAVE_UNISTD_H 1
| /* end confdefs.h.  */
| #include <stdio.h>
| #ifdef HAVE_SYS_TYPES_H
| # include <sys/types.h>
| #endif
| #ifdef HAVE_SYS_STAT_H
| # include <sys/stat.h>
| #endif
| #ifdef STDC_HEADERS
| # include <stdlib.h>
| # include <stddef.h>
| #else
| # ifdef HAVE_STDLIB_H
| #  include <stdlib.h>
| # endif
| #endif
| #ifdef HAVE_STRING_H
| # if !defined STDC_HEADERS && defined HAVE_MEMORY_H
| #  include <memory.h>
| # endif
| # include <string.h>
| #endif
| #ifdef HAVE_STRINGS_H
| # include <strings.h>
| #endif
| #ifdef HAVE_INTTYPES_H
| # include <inttypes.h>
| #endif
| #ifdef HAVE_STDINT_H
| # include <stdint.h>
| #endif
| #ifdef HAVE_UNISTD_H
| # include <unistd.h>
| #endif
| int
| main ()
| {
| if (sizeof ((size_t)))
| 	    return 0;
|   ;
|   return 0;
| }
configure:4326: result: yes
configure:4337: checking for size_t
configure:4337: result: yes
configure:4350: checking for inline
configure:4366: g++ -c     conftest.cpp >&5
configure:4366: $? = 0
configure:4374: result: inline
configure:4404: g++ -o conftest       conftest.cpp  >&5
configure:4404: $? = 0
configure:4758: checking whether g++ accepts -pg
configure:4771: g++ -o conftest   -pg -Werror     conftest.cpp  >&5
configure:4771: $? = 0
configure:4798: g++ -c   -pg -Werror   conftest.cpp >&5
conftest.cpp:21:1: error: 'an_error' does not name a type
   21 | an_error "intentional-error-for-test.h"
      | ^~~~~~~~
configure:4798: $? = 1
configure: failed program was:
| /* confdefs.h */
| #define PACKAGE_NAME "Verilator"
| #define PACKAGE_TARNAME "verilator"
| #define PACKAGE_VERSION "5.027 devel"
| #define PACKAGE_STRING "Verilator 5.027 devel"
| #define PACKAGE_BUGREPORT "https://verilator.org"
| #define PACKAGE_URL "https://verilator.org"
| #define PACKAGE_VERSION_NUMBER_STRING "5.027"
| #define PACKAGE_VERSION_STRING_CHAR static const char* const PACKAGE_STRING_UNUSED = "Verilator 5.027 devel";
| #define STDC_HEADERS 1
| #define HAVE_SYS_TYPES_H 1
| #define HAVE_SYS_STAT_H 1
| #define HAVE_STDLIB_H 1
| #define HAVE_STRING_H 1
| #define HAVE_MEMORY_H 1
| #define HAVE_STRINGS_H 1
| #define HAVE_INTTYPES_H 1
| #define HAVE_STDINT_H 1
| #define HAVE_UNISTD_H 1
| /* end confdefs.h.  */
| an_error "intentional-error-for-test.h"
| 
| int
| main ()
| {
| 
|   ;
|   return 0;
| }
configure:4809: result: yes
configure:4845: checking whether g++ accepts -std=gnu++17
configure:4858: g++ -o conftest   -std=gnu++17 -Werror     conftest.cpp  >&5
configure:4858: $? = 0
configure:4885: g++ -c   -std=gnu++17 -Werror   conftest.cpp >&5
conftest.cpp:21:1: error: 'an_error' does not name a type
   21 | an_error "intentional-error-for-test.h"
      | ^~~~~~~~
configure:4885: $? = 1
configure: failed program was:
| /* confdefs.h */
| #define PACKAGE_NAME "Verilator"
| #define PACKAGE_TARNAME "verilator"
| #define PACKAGE_VERSION "5.027 devel"
| #define PACKAGE_STRING "Verilator 5.027 devel"
| #define PACKAGE_BUGREPORT "https://verilator.org"
| #define PACKAGE_URL "https://verilator.org"
| #define PACKAGE_VERSION_NUMBER_STRING "5.027"
| #define PACKAGE_VERSION_STRING_CHAR static const char* const PACKAGE_STRING_UNUSED = "Verilator 5.027 devel";
| #define STDC_HEADERS 1
| #define HAVE_SYS_TYPES_H 1
| #define HAVE_SYS_STAT_H 1
| #define HAVE_STDLIB_H 1
| #define HAVE_STRING_H 1
| #define HAVE_MEMORY_H 1
| #define HAVE_STRINGS_H 1
| #define HAVE_INTTYPES_H 1
| #define HAVE_STDINT_H 1
| #define HAVE_UNISTD_H 1
| /* end confdefs.h.  */
| an_error "intentional-error-for-test.h"
| 
| int
| main ()
| {
| 
|   ;
|   return 0;
| }
configure:4896: result: yes
configure:5160: checking whether g++ accepts -Wextra
configure:5173: g++ -o conftest   -Wextra -Werror     conftest.cpp  >&5
configure:5173: $? = 0
configure:5200: g++ -c   -Wextra -Werror   conftest.cpp >&5
conftest.cpp:21:1: error: 'an_error' does not name a type
   21 | an_error "intentional-error-for-test.h"
      | ^~~~~~~~
configure:5200: $? = 1
configure: failed program was:
| /* confdefs.h */
| #define PACKAGE_NAME "Verilator"
| #define PACKAGE_TARNAME "verilator"
| #define PACKAGE_VERSION "5.027 devel"
| #define PACKAGE_STRING "Verilator 5.027 devel"
| #define PACKAGE_BUGREPORT "https://verilator.org"
| #define PACKAGE_URL "https://verilator.org"
| #define PACKAGE_VERSION_NUMBER_STRING "5.027"
| #define PACKAGE_VERSION_STRING_CHAR static const char* const PACKAGE_STRING_UNUSED = "Verilator 5.027 devel";
| #define STDC_HEADERS 1
| #define HAVE_SYS_TYPES_H 1
| #define HAVE_SYS_STAT_H 1
| #define HAVE_STDLIB_H 1
| #define HAVE_STRING_H 1
| #define HAVE_MEMORY_H 1
| #define HAVE_STRINGS_H 1
| #define HAVE_INTTYPES_H 1
| #define HAVE_STDINT_H 1
| #define HAVE_UNISTD_H 1
| /* end confdefs.h.  */
| an_error "intentional-error-for-test.h"
| 
| int
| main ()
| {
| 
|   ;
|   return 0;
| }
configure:5211: result: yes
configure:5236: checking whether g++ accepts -Wfloat-conversion
configure:5249: g++ -o conftest   -Wfloat-conversion -Werror     conftest.cpp  >&5
configure:5249: $? = 0
configure:5276: g++ -c   -Wfloat-conversion -Werror   conftest.cpp >&5
conftest.cpp:21:1: error: 'an_error' does not name a type
   21 | an_error "intentional-error-for-test.h"
      | ^~~~~~~~
configure:5276: $? = 1
configure: failed program was:
| /* confdefs.h */
| #define PACKAGE_NAME "Verilator"
| #define PACKAGE_TARNAME "verilator"
| #define PACKAGE_VERSION "5.027 devel"
| #define PACKAGE_STRING "Verilator 5.027 devel"
| #define PACKAGE_BUGREPORT "https://verilator.org"
| #define PACKAGE_URL "https://verilator.org"
| #define PACKAGE_VERSION_NUMBER_STRING "5.027"
| #define PACKAGE_VERSION_STRING_CHAR static const char* const PACKAGE_STRING_UNUSED = "Verilator 5.027 devel";
| #define STDC_HEADERS 1
| #define HAVE_SYS_TYPES_H 1
| #define HAVE_SYS_STAT_H 1
| #define HAVE_STDLIB_H 1
| #define HAVE_STRING_H 1
| #define HAVE_MEMORY_H 1
| #define HAVE_STRINGS_H 1
| #define HAVE_INTTYPES_H 1
| #define HAVE_STDINT_H 1
| #define HAVE_UNISTD_H 1
| /* end confdefs.h.  */
| an_error "intentional-error-for-test.h"
| 
| int
| main ()
| {
| 
|   ;
|   return 0;
| }
configure:5287: result: yes
configure:5312: checking whether g++ accepts -Wlogical-op
configure:5325: g++ -o conftest   -Wlogical-op -Werror     conftest.cpp  >&5
configure:5325: $? = 0
configure:5352: g++ -c   -Wlogical-op -Werror   conftest.cpp >&5
conftest.cpp:21:1: error: 'an_error' does not name a type
   21 | an_error "intentional-error-for-test.h"
      | ^~~~~~~~
configure:5352: $? = 1
configure: failed program was:
| /* confdefs.h */
| #define PACKAGE_NAME "Verilator"
| #define PACKAGE_TARNAME "verilator"
| #define PACKAGE_VERSION "5.027 devel"
| #define PACKAGE_STRING "Verilator 5.027 devel"
| #define PACKAGE_BUGREPORT "https://verilator.org"
| #define PACKAGE_URL "https://verilator.org"
| #define PACKAGE_VERSION_NUMBER_STRING "5.027"
| #define PACKAGE_VERSION_STRING_CHAR static const char* const PACKAGE_STRING_UNUSED = "Verilator 5.027 devel";
| #define STDC_HEADERS 1
| #define HAVE_SYS_TYPES_H 1
| #define HAVE_SYS_STAT_H 1
| #define HAVE_STDLIB_H 1
| #define HAVE_STRING_H 1
| #define HAVE_MEMORY_H 1
| #define HAVE_STRINGS_H 1
| #define HAVE_INTTYPES_H 1
| #define HAVE_STDINT_H 1
| #define HAVE_UNISTD_H 1
| /* end confdefs.h.  */
| an_error "intentional-error-for-test.h"
| 
| int
| main ()
| {
| 
|   ;
|   return 0;
| }
configure:5363: result: yes
configure:5388: checking whether g++ accepts -Wthread-safety
configure:5401: g++ -o conftest   -Wthread-safety -Werror     conftest.cpp  >&5
g++: error: unrecognized command-line option '-Wthread-safety'
configure:5401: $? = 1
configure: failed program was:
| /* confdefs.h */
| #define PACKAGE_NAME "Verilator"
| #define PACKAGE_TARNAME "verilator"
| #define PACKAGE_VERSION "5.027 devel"
| #define PACKAGE_STRING "Verilator 5.027 devel"
| #define PACKAGE_BUGREPORT "https://verilator.org"
| #define PACKAGE_URL "https://verilator.org"
| #define PACKAGE_VERSION_NUMBER_STRING "5.027"
| #define PACKAGE_VERSION_STRING_CHAR static const char* const PACKAGE_STRING_UNUSED = "Verilator 5.027 devel";
| #define STDC_HEADERS 1
| #define HAVE_SYS_TYPES_H 1
| #define HAVE_SYS_STAT_H 1
| #define HAVE_STDLIB_H 1
| #define HAVE_STRING_H 1
| #define HAVE_MEMORY_H 1
| #define HAVE_STRINGS_H 1
| #define HAVE_INTTYPES_H 1
| #define HAVE_STDINT_H 1
| #define HAVE_UNISTD_H 1
| /* end confdefs.h.  */
| #include <new>
| int
| main ()
| {
| int* a=new int; delete a;
|   ;
|   return 0;
| }
configure:5428: g++ -c   -Wthread-safety -Werror   conftest.cpp >&5
g++: error: unrecognized command-line option '-Wthread-safety'
configure:5428: $? = 1
configure: failed program was:
| /* confdefs.h */
| #define PACKAGE_NAME "Verilator"
| #define PACKAGE_TARNAME "verilator"
| #define PACKAGE_VERSION "5.027 devel"
| #define PACKAGE_STRING "Verilator 5.027 devel"
| #define PACKAGE_BUGREPORT "https://verilator.org"
| #define PACKAGE_URL "https://verilator.org"
| #define PACKAGE_VERSION_NUMBER_STRING "5.027"
| #define PACKAGE_VERSION_STRING_CHAR static const char* const PACKAGE_STRING_UNUSED = "Verilator 5.027 devel";
| #define STDC_HEADERS 1
| #define HAVE_SYS_TYPES_H 1
| #define HAVE_SYS_STAT_H 1
| #define HAVE_STDLIB_H 1
| #define HAVE_STRING_H 1
| #define HAVE_MEMORY_H 1
| #define HAVE_STRINGS_H 1
| #define HAVE_INTTYPES_H 1
| #define HAVE_STDINT_H 1
| #define HAVE_UNISTD_H 1
| /* end confdefs.h.  */
| an_error "intentional-error-for-test.h"
| 
| int
| main ()
| {
| 
|   ;
|   return 0;
| }
configure:5439: result: no
configure:5468: checking whether g++ accepts -fcoroutines-ts
configure:5481: g++ -o conftest   -fcoroutines-ts -Werror     conftest.cpp  >&5
g++: error: unrecognized command-line option '-fcoroutines-ts'; did you mean '-fcoroutines'?
configure:5481: $? = 1
configure: failed program was:
| /* confdefs.h */
| #define PACKAGE_NAME "Verilator"
| #define PACKAGE_TARNAME "verilator"
| #define PACKAGE_VERSION "5.027 devel"
| #define PACKAGE_STRING "Verilator 5.027 devel"
| #define PACKAGE_BUGREPORT "https://verilator.org"
| #define PACKAGE_URL "https://verilator.org"
| #define PACKAGE_VERSION_NUMBER_STRING "5.027"
| #define PACKAGE_VERSION_STRING_CHAR static const char* const PACKAGE_STRING_UNUSED = "Verilator 5.027 devel";
| #define STDC_HEADERS 1
| #define HAVE_SYS_TYPES_H 1
| #define HAVE_SYS_STAT_H 1
| #define HAVE_STDLIB_H 1
| #define HAVE_STRING_H 1
| #define HAVE_MEMORY_H 1
| #define HAVE_STRINGS_H 1
| #define HAVE_INTTYPES_H 1
| #define HAVE_STDINT_H 1
| #define HAVE_UNISTD_H 1
| /* end confdefs.h.  */
| #include <new>
| int
| main ()
| {
| int* a=new int; delete a;
|   ;
|   return 0;
| }
configure:5508: g++ -c   -fcoroutines-ts -Werror   conftest.cpp >&5
g++: error: unrecognized command-line option '-fcoroutines-ts'; did you mean '-fcoroutines'?
configure:5508: $? = 1
configure: failed program was:
| /* confdefs.h */
| #define PACKAGE_NAME "Verilator"
| #define PACKAGE_TARNAME "verilator"
| #define PACKAGE_VERSION "5.027 devel"
| #define PACKAGE_STRING "Verilator 5.027 devel"
| #define PACKAGE_BUGREPORT "https://verilator.org"
| #define PACKAGE_URL "https://verilator.org"
| #define PACKAGE_VERSION_NUMBER_STRING "5.027"
| #define PACKAGE_VERSION_STRING_CHAR static const char* const PACKAGE_STRING_UNUSED = "Verilator 5.027 devel";
| #define STDC_HEADERS 1
| #define HAVE_SYS_TYPES_H 1
| #define HAVE_SYS_STAT_H 1
| #define HAVE_STDLIB_H 1
| #define HAVE_STRING_H 1
| #define HAVE_MEMORY_H 1
| #define HAVE_STRINGS_H 1
| #define HAVE_INTTYPES_H 1
| #define HAVE_STDINT_H 1
| #define HAVE_UNISTD_H 1
| /* end confdefs.h.  */
| an_error "intentional-error-for-test.h"
| 
| int
| main ()
| {
| 
|   ;
|   return 0;
| }
configure:5519: result: no
configure:5546: checking whether g++ accepts -fcoroutines
configure:5559: g++ -o conftest   -fcoroutines -Werror     conftest.cpp  >&5
configure:5559: $? = 0
configure:5586: g++ -c   -fcoroutines -Werror   conftest.cpp >&5
conftest.cpp:21:1: error: 'an_error' does not name a type
   21 | an_error "intentional-error-for-test.h"
      | ^~~~~~~~
configure:5586: $? = 1
configure: failed program was:
| /* confdefs.h */
| #define PACKAGE_NAME "Verilator"
| #define PACKAGE_TARNAME "verilator"
| #define PACKAGE_VERSION "5.027 devel"
| #define PACKAGE_STRING "Verilator 5.027 devel"
| #define PACKAGE_BUGREPORT "https://verilator.org"
| #define PACKAGE_URL "https://verilator.org"
| #define PACKAGE_VERSION_NUMBER_STRING "5.027"
| #define PACKAGE_VERSION_STRING_CHAR static const char* const PACKAGE_STRING_UNUSED = "Verilator 5.027 devel";
| #define STDC_HEADERS 1
| #define HAVE_SYS_TYPES_H 1
| #define HAVE_SYS_STAT_H 1
| #define HAVE_STDLIB_H 1
| #define HAVE_STRING_H 1
| #define HAVE_MEMORY_H 1
| #define HAVE_STRINGS_H 1
| #define HAVE_INTTYPES_H 1
| #define HAVE_STDINT_H 1
| #define HAVE_UNISTD_H 1
| /* end confdefs.h.  */
| an_error "intentional-error-for-test.h"
| 
| int
| main ()
| {
| 
|   ;
|   return 0;
| }
configure:5597: result: yes
configure:5771: checking whether coroutines are supported by g++
configure:5791: g++ -o conftest   -fcoroutines     conftest.cpp  >&5
configure:5791: $? = 0
configure:5821: result: yes
configure:5839: checking whether g++ accepts -Qunused-arguments
configure:5852: g++ -o conftest   -Qunused-arguments -Werror     conftest.cpp  >&5
g++: error: unrecognized command-line option '-Qunused-arguments'
configure:5852: $? = 1
configure: failed program was:
| /* confdefs.h */
| #define PACKAGE_NAME "Verilator"
| #define PACKAGE_TARNAME "verilator"
| #define PACKAGE_VERSION "5.027 devel"
| #define PACKAGE_STRING "Verilator 5.027 devel"
| #define PACKAGE_BUGREPORT "https://verilator.org"
| #define PACKAGE_URL "https://verilator.org"
| #define PACKAGE_VERSION_NUMBER_STRING "5.027"
| #define PACKAGE_VERSION_STRING_CHAR static const char* const PACKAGE_STRING_UNUSED = "Verilator 5.027 devel";
| #define STDC_HEADERS 1
| #define HAVE_SYS_TYPES_H 1
| #define HAVE_SYS_STAT_H 1
| #define HAVE_STDLIB_H 1
| #define HAVE_STRING_H 1
| #define HAVE_MEMORY_H 1
| #define HAVE_STRINGS_H 1
| #define HAVE_INTTYPES_H 1
| #define HAVE_STDINT_H 1
| #define HAVE_UNISTD_H 1
| #define HAVE_COROUTINES 1
| /* end confdefs.h.  */
| #include <new>
| int
| main ()
| {
| int* a=new int; delete a;
|   ;
|   return 0;
| }
configure:5879: g++ -c   -Qunused-arguments -Werror   conftest.cpp >&5
g++: error: unrecognized command-line option '-Qunused-arguments'
configure:5879: $? = 1
configure: failed program was:
| /* confdefs.h */
| #define PACKAGE_NAME "Verilator"
| #define PACKAGE_TARNAME "verilator"
| #define PACKAGE_VERSION "5.027 devel"
| #define PACKAGE_STRING "Verilator 5.027 devel"
| #define PACKAGE_BUGREPORT "https://verilator.org"
| #define PACKAGE_URL "https://verilator.org"
| #define PACKAGE_VERSION_NUMBER_STRING "5.027"
| #define PACKAGE_VERSION_STRING_CHAR static const char* const PACKAGE_STRING_UNUSED = "Verilator 5.027 devel";
| #define STDC_HEADERS 1
| #define HAVE_SYS_TYPES_H 1
| #define HAVE_SYS_STAT_H 1
| #define HAVE_STDLIB_H 1
| #define HAVE_STRING_H 1
| #define HAVE_MEMORY_H 1
| #define HAVE_STRINGS_H 1
| #define HAVE_INTTYPES_H 1
| #define HAVE_STDINT_H 1
| #define HAVE_UNISTD_H 1
| #define HAVE_COROUTINES 1
| /* end confdefs.h.  */
| an_error "intentional-error-for-test.h"
| 
| int
| main ()
| {
| 
|   ;
|   return 0;
| }
configure:5890: result: no
configure:5915: checking whether g++ accepts -faligned-new
configure:5928: g++ -o conftest   -faligned-new -Werror     conftest.cpp  >&5
configure:5928: $? = 0
configure:5955: g++ -c   -faligned-new -Werror   conftest.cpp >&5
conftest.cpp:22:1: error: 'an_error' does not name a type
   22 | an_error "intentional-error-for-test.h"
      | ^~~~~~~~
configure:5955: $? = 1
configure: failed program was:
| /* confdefs.h */
| #define PACKAGE_NAME "Verilator"
| #define PACKAGE_TARNAME "verilator"
| #define PACKAGE_VERSION "5.027 devel"
| #define PACKAGE_STRING "Verilator 5.027 devel"
| #define PACKAGE_BUGREPORT "https://verilator.org"
| #define PACKAGE_URL "https://verilator.org"
| #define PACKAGE_VERSION_NUMBER_STRING "5.027"
| #define PACKAGE_VERSION_STRING_CHAR static const char* const PACKAGE_STRING_UNUSED = "Verilator 5.027 devel";
| #define STDC_HEADERS 1
| #define HAVE_SYS_TYPES_H 1
| #define HAVE_SYS_STAT_H 1
| #define HAVE_STDLIB_H 1
| #define HAVE_STRING_H 1
| #define HAVE_MEMORY_H 1
| #define HAVE_STRINGS_H 1
| #define HAVE_INTTYPES_H 1
| #define HAVE_STDINT_H 1
| #define HAVE_UNISTD_H 1
| #define HAVE_COROUTINES 1
| /* end confdefs.h.  */
| an_error "intentional-error-for-test.h"
| 
| int
| main ()
| {
| 
|   ;
|   return 0;
| }
configure:5966: result: yes
configure:5991: checking whether g++ accepts -Wno-unused-parameter
configure:6004: g++ -o conftest   -Wno-unused-parameter -Werror     conftest.cpp  >&5
configure:6004: $? = 0
configure:6031: g++ -c   -Wno-unused-parameter -Werror   conftest.cpp >&5
conftest.cpp:22:1: error: 'an_error' does not name a type
   22 | an_error "intentional-error-for-test.h"
      | ^~~~~~~~
configure:6031: $? = 1
configure: failed program was:
| /* confdefs.h */
| #define PACKAGE_NAME "Verilator"
| #define PACKAGE_TARNAME "verilator"
| #define PACKAGE_VERSION "5.027 devel"
| #define PACKAGE_STRING "Verilator 5.027 devel"
| #define PACKAGE_BUGREPORT "https://verilator.org"
| #define PACKAGE_URL "https://verilator.org"
| #define PACKAGE_VERSION_NUMBER_STRING "5.027"
| #define PACKAGE_VERSION_STRING_CHAR static const char* const PACKAGE_STRING_UNUSED = "Verilator 5.027 devel";
| #define STDC_HEADERS 1
| #define HAVE_SYS_TYPES_H 1
| #define HAVE_SYS_STAT_H 1
| #define HAVE_STDLIB_H 1
| #define HAVE_STRING_H 1
| #define HAVE_MEMORY_H 1
| #define HAVE_STRINGS_H 1
| #define HAVE_INTTYPES_H 1
| #define HAVE_STDINT_H 1
| #define HAVE_UNISTD_H 1
| #define HAVE_COROUTINES 1
| /* end confdefs.h.  */
| an_error "intentional-error-for-test.h"
| 
| int
| main ()
| {
| 
|   ;
|   return 0;
| }
configure:6042: result: yes
configure:6067: checking whether g++ accepts -Wno-shadow
configure:6080: g++ -o conftest   -Wno-shadow -Werror     conftest.cpp  >&5
configure:6080: $? = 0
configure:6107: g++ -c   -Wno-shadow -Werror   conftest.cpp >&5
conftest.cpp:22:1: error: 'an_error' does not name a type
   22 | an_error "intentional-error-for-test.h"
      | ^~~~~~~~
configure:6107: $? = 1
configure: failed program was:
| /* confdefs.h */
| #define PACKAGE_NAME "Verilator"
| #define PACKAGE_TARNAME "verilator"
| #define PACKAGE_VERSION "5.027 devel"
| #define PACKAGE_STRING "Verilator 5.027 devel"
| #define PACKAGE_BUGREPORT "https://verilator.org"
| #define PACKAGE_URL "https://verilator.org"
| #define PACKAGE_VERSION_NUMBER_STRING "5.027"
| #define PACKAGE_VERSION_STRING_CHAR static const char* const PACKAGE_STRING_UNUSED = "Verilator 5.027 devel";
| #define STDC_HEADERS 1
| #define HAVE_SYS_TYPES_H 1
| #define HAVE_SYS_STAT_H 1
| #define HAVE_STDLIB_H 1
| #define HAVE_STRING_H 1
| #define HAVE_MEMORY_H 1
| #define HAVE_STRINGS_H 1
| #define HAVE_INTTYPES_H 1
| #define HAVE_STDINT_H 1
| #define HAVE_UNISTD_H 1
| #define HAVE_COROUTINES 1
| /* end confdefs.h.  */
| an_error "intentional-error-for-test.h"
| 
| int
| main ()
| {
| 
|   ;
|   return 0;
| }
configure:6118: result: yes
configure:6146: checking whether g++ accepts -Wno-char-subscripts
configure:6159: g++ -o conftest   -Wno-char-subscripts -Werror     conftest.cpp  >&5
configure:6159: $? = 0
configure:6186: g++ -c   -Wno-char-subscripts -Werror   conftest.cpp >&5
conftest.cpp:22:1: error: 'an_error' does not name a type
   22 | an_error "intentional-error-for-test.h"
      | ^~~~~~~~
configure:6186: $? = 1
configure: failed program was:
| /* confdefs.h */
| #define PACKAGE_NAME "Verilator"
| #define PACKAGE_TARNAME "verilator"
| #define PACKAGE_VERSION "5.027 devel"
| #define PACKAGE_STRING "Verilator 5.027 devel"
| #define PACKAGE_BUGREPORT "https://verilator.org"
| #define PACKAGE_URL "https://verilator.org"
| #define PACKAGE_VERSION_NUMBER_STRING "5.027"
| #define PACKAGE_VERSION_STRING_CHAR static const char* const PACKAGE_STRING_UNUSED = "Verilator 5.027 devel";
| #define STDC_HEADERS 1
| #define HAVE_SYS_TYPES_H 1
| #define HAVE_SYS_STAT_H 1
| #define HAVE_STDLIB_H 1
| #define HAVE_STRING_H 1
| #define HAVE_MEMORY_H 1
| #define HAVE_STRINGS_H 1
| #define HAVE_INTTYPES_H 1
| #define HAVE_STDINT_H 1
| #define HAVE_UNISTD_H 1
| #define HAVE_COROUTINES 1
| /* end confdefs.h.  */
| an_error "intentional-error-for-test.h"
| 
| int
| main ()
| {
| 
|   ;
|   return 0;
| }
configure:6197: result: yes
configure:6222: checking whether g++ accepts -Wno-null-conversion
configure:6235: g++ -o conftest   -Wno-null-conversion -Werror     conftest.cpp  >&5
configure:6235: $? = 0
configure:6262: g++ -c   -Wno-null-conversion -Werror   conftest.cpp >&5
conftest.cpp:22:1: error: 'an_error' does not name a type
   22 | an_error "intentional-error-for-test.h"
      | ^~~~~~~~
cc1plus: note: unrecognized command-line option '-Wno-null-conversion' may have been intended to silence earlier diagnostics
configure:6262: $? = 1
configure: failed program was:
| /* confdefs.h */
| #define PACKAGE_NAME "Verilator"
| #define PACKAGE_TARNAME "verilator"
| #define PACKAGE_VERSION "5.027 devel"
| #define PACKAGE_STRING "Verilator 5.027 devel"
| #define PACKAGE_BUGREPORT "https://verilator.org"
| #define PACKAGE_URL "https://verilator.org"
| #define PACKAGE_VERSION_NUMBER_STRING "5.027"
| #define PACKAGE_VERSION_STRING_CHAR static const char* const PACKAGE_STRING_UNUSED = "Verilator 5.027 devel";
| #define STDC_HEADERS 1
| #define HAVE_SYS_TYPES_H 1
| #define HAVE_SYS_STAT_H 1
| #define HAVE_STDLIB_H 1
| #define HAVE_STRING_H 1
| #define HAVE_MEMORY_H 1
| #define HAVE_STRINGS_H 1
| #define HAVE_INTTYPES_H 1
| #define HAVE_STDINT_H 1
| #define HAVE_UNISTD_H 1
| #define HAVE_COROUTINES 1
| /* end confdefs.h.  */
| an_error "intentional-error-for-test.h"
| 
| int
| main ()
| {
| 
|   ;
|   return 0;
| }
configure:6273: result: no
configure:6298: checking whether g++ accepts -Wno-parentheses-equality
configure:6311: g++ -o conftest   -Wno-parentheses-equality -Werror     conftest.cpp  >&5
configure:6311: $? = 0
configure:6338: g++ -c   -Wno-parentheses-equality -Werror   conftest.cpp >&5
conftest.cpp:22:1: error: 'an_error' does not name a type
   22 | an_error "intentional-error-for-test.h"
      | ^~~~~~~~
cc1plus: note: unrecognized command-line option '-Wno-parentheses-equality' may have been intended to silence earlier diagnostics
configure:6338: $? = 1
configure: failed program was:
| /* confdefs.h */
| #define PACKAGE_NAME "Verilator"
| #define PACKAGE_TARNAME "verilator"
| #define PACKAGE_VERSION "5.027 devel"
| #define PACKAGE_STRING "Verilator 5.027 devel"
| #define PACKAGE_BUGREPORT "https://verilator.org"
| #define PACKAGE_URL "https://verilator.org"
| #define PACKAGE_VERSION_NUMBER_STRING "5.027"
| #define PACKAGE_VERSION_STRING_CHAR static const char* const PACKAGE_STRING_UNUSED = "Verilator 5.027 devel";
| #define STDC_HEADERS 1
| #define HAVE_SYS_TYPES_H 1
| #define HAVE_SYS_STAT_H 1
| #define HAVE_STDLIB_H 1
| #define HAVE_STRING_H 1
| #define HAVE_MEMORY_H 1
| #define HAVE_STRINGS_H 1
| #define HAVE_INTTYPES_H 1
| #define HAVE_STDINT_H 1
| #define HAVE_UNISTD_H 1
| #define HAVE_COROUTINES 1
| /* end confdefs.h.  */
| an_error "intentional-error-for-test.h"
| 
| int
| main ()
| {
| 
|   ;
|   return 0;
| }
configure:6349: result: no
configure:6374: checking whether g++ accepts -Wno-unused
configure:6387: g++ -o conftest   -Wno-unused -Werror     conftest.cpp  >&5
configure:6387: $? = 0
configure:6414: g++ -c   -Wno-unused -Werror   conftest.cpp >&5
conftest.cpp:22:1: error: 'an_error' does not name a type
   22 | an_error "intentional-error-for-test.h"
      | ^~~~~~~~
configure:6414: $? = 1
configure: failed program was:
| /* confdefs.h */
| #define PACKAGE_NAME "Verilator"
| #define PACKAGE_TARNAME "verilator"
| #define PACKAGE_VERSION "5.027 devel"
| #define PACKAGE_STRING "Verilator 5.027 devel"
| #define PACKAGE_BUGREPORT "https://verilator.org"
| #define PACKAGE_URL "https://verilator.org"
| #define PACKAGE_VERSION_NUMBER_STRING "5.027"
| #define PACKAGE_VERSION_STRING_CHAR static const char* const PACKAGE_STRING_UNUSED = "Verilator 5.027 devel";
| #define STDC_HEADERS 1
| #define HAVE_SYS_TYPES_H 1
| #define HAVE_SYS_STAT_H 1
| #define HAVE_STDLIB_H 1
| #define HAVE_STRING_H 1
| #define HAVE_MEMORY_H 1
| #define HAVE_STRINGS_H 1
| #define HAVE_INTTYPES_H 1
| #define HAVE_STDINT_H 1
| #define HAVE_UNISTD_H 1
| #define HAVE_COROUTINES 1
| /* end confdefs.h.  */
| an_error "intentional-error-for-test.h"
| 
| int
| main ()
| {
| 
|   ;
|   return 0;
| }
configure:6425: result: yes
configure:6454: checking whether g++ accepts -Og
configure:6467: g++ -o conftest   -Og -Werror     conftest.cpp  >&5
configure:6467: $? = 0
configure:6494: g++ -c   -Og -Werror   conftest.cpp >&5
conftest.cpp:22:1: error: 'an_error' does not name a type
   22 | an_error "intentional-error-for-test.h"
      | ^~~~~~~~
configure:6494: $? = 1
configure: failed program was:
| /* confdefs.h */
| #define PACKAGE_NAME "Verilator"
| #define PACKAGE_TARNAME "verilator"
| #define PACKAGE_VERSION "5.027 devel"
| #define PACKAGE_STRING "Verilator 5.027 devel"
| #define PACKAGE_BUGREPORT "https://verilator.org"
| #define PACKAGE_URL "https://verilator.org"
| #define PACKAGE_VERSION_NUMBER_STRING "5.027"
| #define PACKAGE_VERSION_STRING_CHAR static const char* const PACKAGE_STRING_UNUSED = "Verilator 5.027 devel";
| #define STDC_HEADERS 1
| #define HAVE_SYS_TYPES_H 1
| #define HAVE_SYS_STAT_H 1
| #define HAVE_STDLIB_H 1
| #define HAVE_STRING_H 1
| #define HAVE_MEMORY_H 1
| #define HAVE_STRINGS_H 1
| #define HAVE_INTTYPES_H 1
| #define HAVE_STDINT_H 1
| #define HAVE_UNISTD_H 1
| #define HAVE_COROUTINES 1
| /* end confdefs.h.  */
| an_error "intentional-error-for-test.h"
| 
| int
| main ()
| {
| 
|   ;
|   return 0;
| }
configure:6505: result: yes
configure:6531: checking whether g++ accepts -ggdb
configure:6544: g++ -o conftest   -ggdb -Werror     conftest.cpp  >&5
configure:6544: $? = 0
configure:6571: g++ -c   -ggdb -Werror   conftest.cpp >&5
conftest.cpp:22:1: error: 'an_error' does not name a type
   22 | an_error "intentional-error-for-test.h"
      | ^~~~~~~~
configure:6571: $? = 1
configure: failed program was:
| /* confdefs.h */
| #define PACKAGE_NAME "Verilator"
| #define PACKAGE_TARNAME "verilator"
| #define PACKAGE_VERSION "5.027 devel"
| #define PACKAGE_STRING "Verilator 5.027 devel"
| #define PACKAGE_BUGREPORT "https://verilator.org"
| #define PACKAGE_URL "https://verilator.org"
| #define PACKAGE_VERSION_NUMBER_STRING "5.027"
| #define PACKAGE_VERSION_STRING_CHAR static const char* const PACKAGE_STRING_UNUSED = "Verilator 5.027 devel";
| #define STDC_HEADERS 1
| #define HAVE_SYS_TYPES_H 1
| #define HAVE_SYS_STAT_H 1
| #define HAVE_STDLIB_H 1
| #define HAVE_STRING_H 1
| #define HAVE_MEMORY_H 1
| #define HAVE_STRINGS_H 1
| #define HAVE_INTTYPES_H 1
| #define HAVE_STDINT_H 1
| #define HAVE_UNISTD_H 1
| #define HAVE_COROUTINES 1
| /* end confdefs.h.  */
| an_error "intentional-error-for-test.h"
| 
| int
| main ()
| {
| 
|   ;
|   return 0;
| }
configure:6582: result: yes
configure:6607: checking whether g++ accepts -gz
configure:6620: g++ -o conftest   -gz -Werror     conftest.cpp  >&5
configure:6620: $? = 0
configure:6647: g++ -c   -gz -Werror   conftest.cpp >&5
conftest.cpp:22:1: error: 'an_error' does not name a type
   22 | an_error "intentional-error-for-test.h"
      | ^~~~~~~~
configure:6647: $? = 1
configure: failed program was:
| /* confdefs.h */
| #define PACKAGE_NAME "Verilator"
| #define PACKAGE_TARNAME "verilator"
| #define PACKAGE_VERSION "5.027 devel"
| #define PACKAGE_STRING "Verilator 5.027 devel"
| #define PACKAGE_BUGREPORT "https://verilator.org"
| #define PACKAGE_URL "https://verilator.org"
| #define PACKAGE_VERSION_NUMBER_STRING "5.027"
| #define PACKAGE_VERSION_STRING_CHAR static const char* const PACKAGE_STRING_UNUSED = "Verilator 5.027 devel";
| #define STDC_HEADERS 1
| #define HAVE_SYS_TYPES_H 1
| #define HAVE_SYS_STAT_H 1
| #define HAVE_STDLIB_H 1
| #define HAVE_STRING_H 1
| #define HAVE_MEMORY_H 1
| #define HAVE_STRINGS_H 1
| #define HAVE_INTTYPES_H 1
| #define HAVE_STDINT_H 1
| #define HAVE_UNISTD_H 1
| #define HAVE_COROUTINES 1
| /* end confdefs.h.  */
| an_error "intentional-error-for-test.h"
| 
| int
| main ()
| {
| 
|   ;
|   return 0;
| }
configure:6658: result: yes
configure:6683: checking whether g++ linker accepts -gz
configure:6696: g++ -o conftest       conftest.cpp  -gz >&5
configure:6696: $? = 0
configure:6708: result: yes
configure:6744: checking whether g++ accepts -faligned-new
configure:6757: g++ -o conftest   -faligned-new -Werror     conftest.cpp  >&5
configure:6757: $? = 0
configure:6784: g++ -c   -faligned-new -Werror   conftest.cpp >&5
conftest.cpp:22:1: error: 'an_error' does not name a type
   22 | an_error "intentional-error-for-test.h"
      | ^~~~~~~~
configure:6784: $? = 1
configure: failed program was:
| /* confdefs.h */
| #define PACKAGE_NAME "Verilator"
| #define PACKAGE_TARNAME "verilator"
| #define PACKAGE_VERSION "5.027 devel"
| #define PACKAGE_STRING "Verilator 5.027 devel"
| #define PACKAGE_BUGREPORT "https://verilator.org"
| #define PACKAGE_URL "https://verilator.org"
| #define PACKAGE_VERSION_NUMBER_STRING "5.027"
| #define PACKAGE_VERSION_STRING_CHAR static const char* const PACKAGE_STRING_UNUSED = "Verilator 5.027 devel";
| #define STDC_HEADERS 1
| #define HAVE_SYS_TYPES_H 1
| #define HAVE_SYS_STAT_H 1
| #define HAVE_STDLIB_H 1
| #define HAVE_STRING_H 1
| #define HAVE_MEMORY_H 1
| #define HAVE_STRINGS_H 1
| #define HAVE_INTTYPES_H 1
| #define HAVE_STDINT_H 1
| #define HAVE_UNISTD_H 1
| #define HAVE_COROUTINES 1
| /* end confdefs.h.  */
| an_error "intentional-error-for-test.h"
| 
| int
| main ()
| {
| 
|   ;
|   return 0;
| }
configure:6795: result: yes
configure:6823: checking whether g++ accepts -fbracket-depth=4096
configure:6836: g++ -o conftest   -fbracket-depth=4096 -Werror     conftest.cpp  >&5
g++: error: unrecognized command-line option '-fbracket-depth=4096'
configure:6836: $? = 1
configure: failed program was:
| /* confdefs.h */
| #define PACKAGE_NAME "Verilator"
| #define PACKAGE_TARNAME "verilator"
| #define PACKAGE_VERSION "5.027 devel"
| #define PACKAGE_STRING "Verilator 5.027 devel"
| #define PACKAGE_BUGREPORT "https://verilator.org"
| #define PACKAGE_URL "https://verilator.org"
| #define PACKAGE_VERSION_NUMBER_STRING "5.027"
| #define PACKAGE_VERSION_STRING_CHAR static const char* const PACKAGE_STRING_UNUSED = "Verilator 5.027 devel";
| #define STDC_HEADERS 1
| #define HAVE_SYS_TYPES_H 1
| #define HAVE_SYS_STAT_H 1
| #define HAVE_STDLIB_H 1
| #define HAVE_STRING_H 1
| #define HAVE_MEMORY_H 1
| #define HAVE_STRINGS_H 1
| #define HAVE_INTTYPES_H 1
| #define HAVE_STDINT_H 1
| #define HAVE_UNISTD_H 1
| #define HAVE_COROUTINES 1
| /* end confdefs.h.  */
| #include <new>
| int
| main ()
| {
| int* a=new int; delete a;
|   ;
|   return 0;
| }
configure:6863: g++ -c   -fbracket-depth=4096 -Werror   conftest.cpp >&5
g++: error: unrecognized command-line option '-fbracket-depth=4096'
configure:6863: $? = 1
configure: failed program was:
| /* confdefs.h */
| #define PACKAGE_NAME "Verilator"
| #define PACKAGE_TARNAME "verilator"
| #define PACKAGE_VERSION "5.027 devel"
| #define PACKAGE_STRING "Verilator 5.027 devel"
| #define PACKAGE_BUGREPORT "https://verilator.org"
| #define PACKAGE_URL "https://verilator.org"
| #define PACKAGE_VERSION_NUMBER_STRING "5.027"
| #define PACKAGE_VERSION_STRING_CHAR static const char* const PACKAGE_STRING_UNUSED = "Verilator 5.027 devel";
| #define STDC_HEADERS 1
| #define HAVE_SYS_TYPES_H 1
| #define HAVE_SYS_STAT_H 1
| #define HAVE_STDLIB_H 1
| #define HAVE_STRING_H 1
| #define HAVE_MEMORY_H 1
| #define HAVE_STRINGS_H 1
| #define HAVE_INTTYPES_H 1
| #define HAVE_STDINT_H 1
| #define HAVE_UNISTD_H 1
| #define HAVE_COROUTINES 1
| /* end confdefs.h.  */
| an_error "intentional-error-for-test.h"
| 
| int
| main ()
| {
| 
|   ;
|   return 0;
| }
configure:6874: result: no
configure:6902: checking whether g++ accepts -fcf-protection=none
configure:6915: g++ -o conftest   -fcf-protection=none -Werror     conftest.cpp  >&5
configure:6915: $? = 0
configure:6942: g++ -c   -fcf-protection=none -Werror   conftest.cpp >&5
conftest.cpp:22:1: error: 'an_error' does not name a type
   22 | an_error "intentional-error-for-test.h"
      | ^~~~~~~~
configure:6942: $? = 1
configure: failed program was:
| /* confdefs.h */
| #define PACKAGE_NAME "Verilator"
| #define PACKAGE_TARNAME "verilator"
| #define PACKAGE_VERSION "5.027 devel"
| #define PACKAGE_STRING "Verilator 5.027 devel"
| #define PACKAGE_BUGREPORT "https://verilator.org"
| #define PACKAGE_URL "https://verilator.org"
| #define PACKAGE_VERSION_NUMBER_STRING "5.027"
| #define PACKAGE_VERSION_STRING_CHAR static const char* const PACKAGE_STRING_UNUSED = "Verilator 5.027 devel";
| #define STDC_HEADERS 1
| #define HAVE_SYS_TYPES_H 1
| #define HAVE_SYS_STAT_H 1
| #define HAVE_STDLIB_H 1
| #define HAVE_STRING_H 1
| #define HAVE_MEMORY_H 1
| #define HAVE_STRINGS_H 1
| #define HAVE_INTTYPES_H 1
| #define HAVE_STDINT_H 1
| #define HAVE_UNISTD_H 1
| #define HAVE_COROUTINES 1
| /* end confdefs.h.  */
| an_error "intentional-error-for-test.h"
| 
| int
| main ()
| {
| 
|   ;
|   return 0;
| }
configure:6953: result: yes
configure:6981: checking whether g++ accepts -mno-cet
configure:6994: g++ -o conftest   -mno-cet -Werror     conftest.cpp  >&5
g++: error: unrecognized command-line option '-mno-cet'; did you mean '-mno-aes'?
configure:6994: $? = 1
configure: failed program was:
| /* confdefs.h */
| #define PACKAGE_NAME "Verilator"
| #define PACKAGE_TARNAME "verilator"
| #define PACKAGE_VERSION "5.027 devel"
| #define PACKAGE_STRING "Verilator 5.027 devel"
| #define PACKAGE_BUGREPORT "https://verilator.org"
| #define PACKAGE_URL "https://verilator.org"
| #define PACKAGE_VERSION_NUMBER_STRING "5.027"
| #define PACKAGE_VERSION_STRING_CHAR static const char* const PACKAGE_STRING_UNUSED = "Verilator 5.027 devel";
| #define STDC_HEADERS 1
| #define HAVE_SYS_TYPES_H 1
| #define HAVE_SYS_STAT_H 1
| #define HAVE_STDLIB_H 1
| #define HAVE_STRING_H 1
| #define HAVE_MEMORY_H 1
| #define HAVE_STRINGS_H 1
| #define HAVE_INTTYPES_H 1
| #define HAVE_STDINT_H 1
| #define HAVE_UNISTD_H 1
| #define HAVE_COROUTINES 1
| /* end confdefs.h.  */
| #include <new>
| int
| main ()
| {
| int* a=new int; delete a;
|   ;
|   return 0;
| }
configure:7021: g++ -c   -mno-cet -Werror   conftest.cpp >&5
g++: error: unrecognized command-line option '-mno-cet'; did you mean '-mno-aes'?
configure:7021: $? = 1
configure: failed program was:
| /* confdefs.h */
| #define PACKAGE_NAME "Verilator"
| #define PACKAGE_TARNAME "verilator"
| #define PACKAGE_VERSION "5.027 devel"
| #define PACKAGE_STRING "Verilator 5.027 devel"
| #define PACKAGE_BUGREPORT "https://verilator.org"
| #define PACKAGE_URL "https://verilator.org"
| #define PACKAGE_VERSION_NUMBER_STRING "5.027"
| #define PACKAGE_VERSION_STRING_CHAR static const char* const PACKAGE_STRING_UNUSED = "Verilator 5.027 devel";
| #define STDC_HEADERS 1
| #define HAVE_SYS_TYPES_H 1
| #define HAVE_SYS_STAT_H 1
| #define HAVE_STDLIB_H 1
| #define HAVE_STRING_H 1
| #define HAVE_MEMORY_H 1
| #define HAVE_STRINGS_H 1
| #define HAVE_INTTYPES_H 1
| #define HAVE_STDINT_H 1
| #define HAVE_UNISTD_H 1
| #define HAVE_COROUTINES 1
| /* end confdefs.h.  */
| an_error "intentional-error-for-test.h"
| 
| int
| main ()
| {
| 
|   ;
|   return 0;
| }
configure:7032: result: no
configure:7060: checking whether g++ accepts -Qunused-arguments
configure:7073: g++ -o conftest   -Qunused-arguments -Werror     conftest.cpp  >&5
g++: error: unrecognized command-line option '-Qunused-arguments'
configure:7073: $? = 1
configure: failed program was:
| /* confdefs.h */
| #define PACKAGE_NAME "Verilator"
| #define PACKAGE_TARNAME "verilator"
| #define PACKAGE_VERSION "5.027 devel"
| #define PACKAGE_STRING "Verilator 5.027 devel"
| #define PACKAGE_BUGREPORT "https://verilator.org"
| #define PACKAGE_URL "https://verilator.org"
| #define PACKAGE_VERSION_NUMBER_STRING "5.027"
| #define PACKAGE_VERSION_STRING_CHAR static const char* const PACKAGE_STRING_UNUSED = "Verilator 5.027 devel";
| #define STDC_HEADERS 1
| #define HAVE_SYS_TYPES_H 1
| #define HAVE_SYS_STAT_H 1
| #define HAVE_STDLIB_H 1
| #define HAVE_STRING_H 1
| #define HAVE_MEMORY_H 1
| #define HAVE_STRINGS_H 1
| #define HAVE_INTTYPES_H 1
| #define HAVE_STDINT_H 1
| #define HAVE_UNISTD_H 1
| #define HAVE_COROUTINES 1
| /* end confdefs.h.  */
| #include <new>
| int
| main ()
| {
| int* a=new int; delete a;
|   ;
|   return 0;
| }
configure:7100: g++ -c   -Qunused-arguments -Werror   conftest.cpp >&5
g++: error: unrecognized command-line option '-Qunused-arguments'
configure:7100: $? = 1
configure: failed program was:
| /* confdefs.h */
| #define PACKAGE_NAME "Verilator"
| #define PACKAGE_TARNAME "verilator"
| #define PACKAGE_VERSION "5.027 devel"
| #define PACKAGE_STRING "Verilator 5.027 devel"
| #define PACKAGE_BUGREPORT "https://verilator.org"
| #define PACKAGE_URL "https://verilator.org"
| #define PACKAGE_VERSION_NUMBER_STRING "5.027"
| #define PACKAGE_VERSION_STRING_CHAR static const char* const PACKAGE_STRING_UNUSED = "Verilator 5.027 devel";
| #define STDC_HEADERS 1
| #define HAVE_SYS_TYPES_H 1
| #define HAVE_SYS_STAT_H 1
| #define HAVE_STDLIB_H 1
| #define HAVE_STRING_H 1
| #define HAVE_MEMORY_H 1
| #define HAVE_STRINGS_H 1
| #define HAVE_INTTYPES_H 1
| #define HAVE_STDINT_H 1
| #define HAVE_UNISTD_H 1
| #define HAVE_COROUTINES 1
| /* end confdefs.h.  */
| an_error "intentional-error-for-test.h"
| 
| int
| main ()
| {
| 
|   ;
|   return 0;
| }
configure:7111: result: no
configure:7139: checking whether g++ accepts -Wno-bool-operation
configure:7152: g++ -o conftest   -Wno-bool-operation -Werror     conftest.cpp  >&5
configure:7152: $? = 0
configure:7179: g++ -c   -Wno-bool-operation -Werror   conftest.cpp >&5
conftest.cpp:22:1: error: 'an_error' does not name a type
   22 | an_error "intentional-error-for-test.h"
      | ^~~~~~~~
configure:7179: $? = 1
configure: failed program was:
| /* confdefs.h */
| #define PACKAGE_NAME "Verilator"
| #define PACKAGE_TARNAME "verilator"
| #define PACKAGE_VERSION "5.027 devel"
| #define PACKAGE_STRING "Verilator 5.027 devel"
| #define PACKAGE_BUGREPORT "https://verilator.org"
| #define PACKAGE_URL "https://verilator.org"
| #define PACKAGE_VERSION_NUMBER_STRING "5.027"
| #define PACKAGE_VERSION_STRING_CHAR static const char* const PACKAGE_STRING_UNUSED = "Verilator 5.027 devel";
| #define STDC_HEADERS 1
| #define HAVE_SYS_TYPES_H 1
| #define HAVE_SYS_STAT_H 1
| #define HAVE_STDLIB_H 1
| #define HAVE_STRING_H 1
| #define HAVE_MEMORY_H 1
| #define HAVE_STRINGS_H 1
| #define HAVE_INTTYPES_H 1
| #define HAVE_STDINT_H 1
| #define HAVE_UNISTD_H 1
| #define HAVE_COROUTINES 1
| /* end confdefs.h.  */
| an_error "intentional-error-for-test.h"
| 
| int
| main ()
| {
| 
|   ;
|   return 0;
| }
configure:7190: result: yes
configure:7218: checking whether g++ accepts -Wno-c++11-narrowing
configure:7231: g++ -o conftest   -Wno-c++11-narrowing -Werror     conftest.cpp  >&5
configure:7231: $? = 0
configure:7258: g++ -c   -Wno-c++11-narrowing -Werror   conftest.cpp >&5
conftest.cpp:22:1: error: 'an_error' does not name a type
   22 | an_error "intentional-error-for-test.h"
      | ^~~~~~~~
cc1plus: note: unrecognized command-line option '-Wno-c++11-narrowing' may have been intended to silence earlier diagnostics
configure:7258: $? = 1
configure: failed program was:
| /* confdefs.h */
| #define PACKAGE_NAME "Verilator"
| #define PACKAGE_TARNAME "verilator"
| #define PACKAGE_VERSION "5.027 devel"
| #define PACKAGE_STRING "Verilator 5.027 devel"
| #define PACKAGE_BUGREPORT "https://verilator.org"
| #define PACKAGE_URL "https://verilator.org"
| #define PACKAGE_VERSION_NUMBER_STRING "5.027"
| #define PACKAGE_VERSION_STRING_CHAR static const char* const PACKAGE_STRING_UNUSED = "Verilator 5.027 devel";
| #define STDC_HEADERS 1
| #define HAVE_SYS_TYPES_H 1
| #define HAVE_SYS_STAT_H 1
| #define HAVE_STDLIB_H 1
| #define HAVE_STRING_H 1
| #define HAVE_MEMORY_H 1
| #define HAVE_STRINGS_H 1
| #define HAVE_INTTYPES_H 1
| #define HAVE_STDINT_H 1
| #define HAVE_UNISTD_H 1
| #define HAVE_COROUTINES 1
| /* end confdefs.h.  */
| an_error "intentional-error-for-test.h"
| 
| int
| main ()
| {
| 
|   ;
|   return 0;
| }
configure:7269: result: no
configure:7297: checking whether g++ accepts -Wno-constant-logical-operand
configure:7310: g++ -o conftest   -Wno-constant-logical-operand -Werror     conftest.cpp  >&5
configure:7310: $? = 0
configure:7337: g++ -c   -Wno-constant-logical-operand -Werror   conftest.cpp >&5
conftest.cpp:22:1: error: 'an_error' does not name a type
   22 | an_error "intentional-error-for-test.h"
      | ^~~~~~~~
cc1plus: note: unrecognized command-line option '-Wno-constant-logical-operand' may have been intended to silence earlier diagnostics
configure:7337: $? = 1
configure: failed program was:
| /* confdefs.h */
| #define PACKAGE_NAME "Verilator"
| #define PACKAGE_TARNAME "verilator"
| #define PACKAGE_VERSION "5.027 devel"
| #define PACKAGE_STRING "Verilator 5.027 devel"
| #define PACKAGE_BUGREPORT "https://verilator.org"
| #define PACKAGE_URL "https://verilator.org"
| #define PACKAGE_VERSION_NUMBER_STRING "5.027"
| #define PACKAGE_VERSION_STRING_CHAR static const char* const PACKAGE_STRING_UNUSED = "Verilator 5.027 devel";
| #define STDC_HEADERS 1
| #define HAVE_SYS_TYPES_H 1
| #define HAVE_SYS_STAT_H 1
| #define HAVE_STDLIB_H 1
| #define HAVE_STRING_H 1
| #define HAVE_MEMORY_H 1
| #define HAVE_STRINGS_H 1
| #define HAVE_INTTYPES_H 1
| #define HAVE_STDINT_H 1
| #define HAVE_UNISTD_H 1
| #define HAVE_COROUTINES 1
| /* end confdefs.h.  */
| an_error "intentional-error-for-test.h"
| 
| int
| main ()
| {
| 
|   ;
|   return 0;
| }
configure:7348: result: no
configure:7376: checking whether g++ accepts -Wno-non-pod-varargs
configure:7389: g++ -o conftest   -Wno-non-pod-varargs -Werror     conftest.cpp  >&5
configure:7389: $? = 0
configure:7416: g++ -c   -Wno-non-pod-varargs -Werror   conftest.cpp >&5
conftest.cpp:22:1: error: 'an_error' does not name a type
   22 | an_error "intentional-error-for-test.h"
      | ^~~~~~~~
cc1plus: note: unrecognized command-line option '-Wno-non-pod-varargs' may have been intended to silence earlier diagnostics
configure:7416: $? = 1
configure: failed program was:
| /* confdefs.h */
| #define PACKAGE_NAME "Verilator"
| #define PACKAGE_TARNAME "verilator"
| #define PACKAGE_VERSION "5.027 devel"
| #define PACKAGE_STRING "Verilator 5.027 devel"
| #define PACKAGE_BUGREPORT "https://verilator.org"
| #define PACKAGE_URL "https://verilator.org"
| #define PACKAGE_VERSION_NUMBER_STRING "5.027"
| #define PACKAGE_VERSION_STRING_CHAR static const char* const PACKAGE_STRING_UNUSED = "Verilator 5.027 devel";
| #define STDC_HEADERS 1
| #define HAVE_SYS_TYPES_H 1
| #define HAVE_SYS_STAT_H 1
| #define HAVE_STDLIB_H 1
| #define HAVE_STRING_H 1
| #define HAVE_MEMORY_H 1
| #define HAVE_STRINGS_H 1
| #define HAVE_INTTYPES_H 1
| #define HAVE_STDINT_H 1
| #define HAVE_UNISTD_H 1
| #define HAVE_COROUTINES 1
| /* end confdefs.h.  */
| an_error "intentional-error-for-test.h"
| 
| int
| main ()
| {
| 
|   ;
|   return 0;
| }
configure:7427: result: no
configure:7455: checking whether g++ accepts -Wno-parentheses-equality
configure:7468: g++ -o conftest   -Wno-parentheses-equality -Werror     conftest.cpp  >&5
configure:7468: $? = 0
configure:7495: g++ -c   -Wno-parentheses-equality -Werror   conftest.cpp >&5
conftest.cpp:22:1: error: 'an_error' does not name a type
   22 | an_error "intentional-error-for-test.h"
      | ^~~~~~~~
cc1plus: note: unrecognized command-line option '-Wno-parentheses-equality' may have been intended to silence earlier diagnostics
configure:7495: $? = 1
configure: failed program was:
| /* confdefs.h */
| #define PACKAGE_NAME "Verilator"
| #define PACKAGE_TARNAME "verilator"
| #define PACKAGE_VERSION "5.027 devel"
| #define PACKAGE_STRING "Verilator 5.027 devel"
| #define PACKAGE_BUGREPORT "https://verilator.org"
| #define PACKAGE_URL "https://verilator.org"
| #define PACKAGE_VERSION_NUMBER_STRING "5.027"
| #define PACKAGE_VERSION_STRING_CHAR static const char* const PACKAGE_STRING_UNUSED = "Verilator 5.027 devel";
| #define STDC_HEADERS 1
| #define HAVE_SYS_TYPES_H 1
| #define HAVE_SYS_STAT_H 1
| #define HAVE_STDLIB_H 1
| #define HAVE_STRING_H 1
| #define HAVE_MEMORY_H 1
| #define HAVE_STRINGS_H 1
| #define HAVE_INTTYPES_H 1
| #define HAVE_STDINT_H 1
| #define HAVE_UNISTD_H 1
| #define HAVE_COROUTINES 1
| /* end confdefs.h.  */
| an_error "intentional-error-for-test.h"
| 
| int
| main ()
| {
| 
|   ;
|   return 0;
| }
configure:7506: result: no
configure:7534: checking whether g++ accepts -Wno-shadow
configure:7547: g++ -o conftest   -Wno-shadow -Werror     conftest.cpp  >&5
configure:7547: $? = 0
configure:7574: g++ -c   -Wno-shadow -Werror   conftest.cpp >&5
conftest.cpp:22:1: error: 'an_error' does not name a type
   22 | an_error "intentional-error-for-test.h"
      | ^~~~~~~~
configure:7574: $? = 1
configure: failed program was:
| /* confdefs.h */
| #define PACKAGE_NAME "Verilator"
| #define PACKAGE_TARNAME "verilator"
| #define PACKAGE_VERSION "5.027 devel"
| #define PACKAGE_STRING "Verilator 5.027 devel"
| #define PACKAGE_BUGREPORT "https://verilator.org"
| #define PACKAGE_URL "https://verilator.org"
| #define PACKAGE_VERSION_NUMBER_STRING "5.027"
| #define PACKAGE_VERSION_STRING_CHAR static const char* const PACKAGE_STRING_UNUSED = "Verilator 5.027 devel";
| #define STDC_HEADERS 1
| #define HAVE_SYS_TYPES_H 1
| #define HAVE_SYS_STAT_H 1
| #define HAVE_STDLIB_H 1
| #define HAVE_STRING_H 1
| #define HAVE_MEMORY_H 1
| #define HAVE_STRINGS_H 1
| #define HAVE_INTTYPES_H 1
| #define HAVE_STDINT_H 1
| #define HAVE_UNISTD_H 1
| #define HAVE_COROUTINES 1
| /* end confdefs.h.  */
| an_error "intentional-error-for-test.h"
| 
| int
| main ()
| {
| 
|   ;
|   return 0;
| }
configure:7585: result: yes
configure:7613: checking whether g++ accepts -Wno-sign-compare
configure:7626: g++ -o conftest   -Wno-sign-compare -Werror     conftest.cpp  >&5
configure:7626: $? = 0
configure:7653: g++ -c   -Wno-sign-compare -Werror   conftest.cpp >&5
conftest.cpp:22:1: error: 'an_error' does not name a type
   22 | an_error "intentional-error-for-test.h"
      | ^~~~~~~~
configure:7653: $? = 1
configure: failed program was:
| /* confdefs.h */
| #define PACKAGE_NAME "Verilator"
| #define PACKAGE_TARNAME "verilator"
| #define PACKAGE_VERSION "5.027 devel"
| #define PACKAGE_STRING "Verilator 5.027 devel"
| #define PACKAGE_BUGREPORT "https://verilator.org"
| #define PACKAGE_URL "https://verilator.org"
| #define PACKAGE_VERSION_NUMBER_STRING "5.027"
| #define PACKAGE_VERSION_STRING_CHAR static const char* const PACKAGE_STRING_UNUSED = "Verilator 5.027 devel";
| #define STDC_HEADERS 1
| #define HAVE_SYS_TYPES_H 1
| #define HAVE_SYS_STAT_H 1
| #define HAVE_STDLIB_H 1
| #define HAVE_STRING_H 1
| #define HAVE_MEMORY_H 1
| #define HAVE_STRINGS_H 1
| #define HAVE_INTTYPES_H 1
| #define HAVE_STDINT_H 1
| #define HAVE_UNISTD_H 1
| #define HAVE_COROUTINES 1
| /* end confdefs.h.  */
| an_error "intentional-error-for-test.h"
| 
| int
| main ()
| {
| 
|   ;
|   return 0;
| }
configure:7664: result: yes
configure:7692: checking whether g++ accepts -Wno-tautological-bitwise-compare
configure:7705: g++ -o conftest   -Wno-tautological-bitwise-compare -Werror     conftest.cpp  >&5
configure:7705: $? = 0
configure:7732: g++ -c   -Wno-tautological-bitwise-compare -Werror   conftest.cpp >&5
conftest.cpp:22:1: error: 'an_error' does not name a type
   22 | an_error "intentional-error-for-test.h"
      | ^~~~~~~~
cc1plus: note: unrecognized command-line option '-Wno-tautological-bitwise-compare' may have been intended to silence earlier diagnostics
configure:7732: $? = 1
configure: failed program was:
| /* confdefs.h */
| #define PACKAGE_NAME "Verilator"
| #define PACKAGE_TARNAME "verilator"
| #define PACKAGE_VERSION "5.027 devel"
| #define PACKAGE_STRING "Verilator 5.027 devel"
| #define PACKAGE_BUGREPORT "https://verilator.org"
| #define PACKAGE_URL "https://verilator.org"
| #define PACKAGE_VERSION_NUMBER_STRING "5.027"
| #define PACKAGE_VERSION_STRING_CHAR static const char* const PACKAGE_STRING_UNUSED = "Verilator 5.027 devel";
| #define STDC_HEADERS 1
| #define HAVE_SYS_TYPES_H 1
| #define HAVE_SYS_STAT_H 1
| #define HAVE_STDLIB_H 1
| #define HAVE_STRING_H 1
| #define HAVE_MEMORY_H 1
| #define HAVE_STRINGS_H 1
| #define HAVE_INTTYPES_H 1
| #define HAVE_STDINT_H 1
| #define HAVE_UNISTD_H 1
| #define HAVE_COROUTINES 1
| /* end confdefs.h.  */
| an_error "intentional-error-for-test.h"
| 
| int
| main ()
| {
| 
|   ;
|   return 0;
| }
configure:7743: result: no
configure:7771: checking whether g++ accepts -Wno-tautological-compare
configure:7784: g++ -o conftest   -Wno-tautological-compare -Werror     conftest.cpp  >&5
configure:7784: $? = 0
configure:7811: g++ -c   -Wno-tautological-compare -Werror   conftest.cpp >&5
conftest.cpp:22:1: error: 'an_error' does not name a type
   22 | an_error "intentional-error-for-test.h"
      | ^~~~~~~~
configure:7811: $? = 1
configure: failed program was:
| /* confdefs.h */
| #define PACKAGE_NAME "Verilator"
| #define PACKAGE_TARNAME "verilator"
| #define PACKAGE_VERSION "5.027 devel"
| #define PACKAGE_STRING "Verilator 5.027 devel"
| #define PACKAGE_BUGREPORT "https://verilator.org"
| #define PACKAGE_URL "https://verilator.org"
| #define PACKAGE_VERSION_NUMBER_STRING "5.027"
| #define PACKAGE_VERSION_STRING_CHAR static const char* const PACKAGE_STRING_UNUSED = "Verilator 5.027 devel";
| #define STDC_HEADERS 1
| #define HAVE_SYS_TYPES_H 1
| #define HAVE_SYS_STAT_H 1
| #define HAVE_STDLIB_H 1
| #define HAVE_STRING_H 1
| #define HAVE_MEMORY_H 1
| #define HAVE_STRINGS_H 1
| #define HAVE_INTTYPES_H 1
| #define HAVE_STDINT_H 1
| #define HAVE_UNISTD_H 1
| #define HAVE_COROUTINES 1
| /* end confdefs.h.  */
| an_error "intentional-error-for-test.h"
| 
| int
| main ()
| {
| 
|   ;
|   return 0;
| }
configure:7822: result: yes
configure:7850: checking whether g++ accepts -Wno-uninitialized
configure:7863: g++ -o conftest   -Wno-uninitialized -Werror     conftest.cpp  >&5
configure:7863: $? = 0
configure:7890: g++ -c   -Wno-uninitialized -Werror   conftest.cpp >&5
conftest.cpp:22:1: error: 'an_error' does not name a type
   22 | an_error "intentional-error-for-test.h"
      | ^~~~~~~~
configure:7890: $? = 1
configure: failed program was:
| /* confdefs.h */
| #define PACKAGE_NAME "Verilator"
| #define PACKAGE_TARNAME "verilator"
| #define PACKAGE_VERSION "5.027 devel"
| #define PACKAGE_STRING "Verilator 5.027 devel"
| #define PACKAGE_BUGREPORT "https://verilator.org"
| #define PACKAGE_URL "https://verilator.org"
| #define PACKAGE_VERSION_NUMBER_STRING "5.027"
| #define PACKAGE_VERSION_STRING_CHAR static const char* const PACKAGE_STRING_UNUSED = "Verilator 5.027 devel";
| #define STDC_HEADERS 1
| #define HAVE_SYS_TYPES_H 1
| #define HAVE_SYS_STAT_H 1
| #define HAVE_STDLIB_H 1
| #define HAVE_STRING_H 1
| #define HAVE_MEMORY_H 1
| #define HAVE_STRINGS_H 1
| #define HAVE_INTTYPES_H 1
| #define HAVE_STDINT_H 1
| #define HAVE_UNISTD_H 1
| #define HAVE_COROUTINES 1
| /* end confdefs.h.  */
| an_error "intentional-error-for-test.h"
| 
| int
| main ()
| {
| 
|   ;
|   return 0;
| }
configure:7901: result: yes
configure:7929: checking whether g++ accepts -Wno-unused-but-set-parameter
configure:7942: g++ -o conftest   -Wno-unused-but-set-parameter -Werror     conftest.cpp  >&5
configure:7942: $? = 0
configure:7969: g++ -c   -Wno-unused-but-set-parameter -Werror   conftest.cpp >&5
conftest.cpp:22:1: error: 'an_error' does not name a type
   22 | an_error "intentional-error-for-test.h"
      | ^~~~~~~~
configure:7969: $? = 1
configure: failed program was:
| /* confdefs.h */
| #define PACKAGE_NAME "Verilator"
| #define PACKAGE_TARNAME "verilator"
| #define PACKAGE_VERSION "5.027 devel"
| #define PACKAGE_STRING "Verilator 5.027 devel"
| #define PACKAGE_BUGREPORT "https://verilator.org"
| #define PACKAGE_URL "https://verilator.org"
| #define PACKAGE_VERSION_NUMBER_STRING "5.027"
| #define PACKAGE_VERSION_STRING_CHAR static const char* const PACKAGE_STRING_UNUSED = "Verilator 5.027 devel";
| #define STDC_HEADERS 1
| #define HAVE_SYS_TYPES_H 1
| #define HAVE_SYS_STAT_H 1
| #define HAVE_STDLIB_H 1
| #define HAVE_STRING_H 1
| #define HAVE_MEMORY_H 1
| #define HAVE_STRINGS_H 1
| #define HAVE_INTTYPES_H 1
| #define HAVE_STDINT_H 1
| #define HAVE_UNISTD_H 1
| #define HAVE_COROUTINES 1
| /* end confdefs.h.  */
| an_error "intentional-error-for-test.h"
| 
| int
| main ()
| {
| 
|   ;
|   return 0;
| }
configure:7980: result: yes
configure:8008: checking whether g++ accepts -Wno-unused-but-set-variable
configure:8021: g++ -o conftest   -Wno-unused-but-set-variable -Werror     conftest.cpp  >&5
configure:8021: $? = 0
configure:8048: g++ -c   -Wno-unused-but-set-variable -Werror   conftest.cpp >&5
conftest.cpp:22:1: error: 'an_error' does not name a type
   22 | an_error "intentional-error-for-test.h"
      | ^~~~~~~~
configure:8048: $? = 1
configure: failed program was:
| /* confdefs.h */
| #define PACKAGE_NAME "Verilator"
| #define PACKAGE_TARNAME "verilator"
| #define PACKAGE_VERSION "5.027 devel"
| #define PACKAGE_STRING "Verilator 5.027 devel"
| #define PACKAGE_BUGREPORT "https://verilator.org"
| #define PACKAGE_URL "https://verilator.org"
| #define PACKAGE_VERSION_NUMBER_STRING "5.027"
| #define PACKAGE_VERSION_STRING_CHAR static const char* const PACKAGE_STRING_UNUSED = "Verilator 5.027 devel";
| #define STDC_HEADERS 1
| #define HAVE_SYS_TYPES_H 1
| #define HAVE_SYS_STAT_H 1
| #define HAVE_STDLIB_H 1
| #define HAVE_STRING_H 1
| #define HAVE_MEMORY_H 1
| #define HAVE_STRINGS_H 1
| #define HAVE_INTTYPES_H 1
| #define HAVE_STDINT_H 1
| #define HAVE_UNISTD_H 1
| #define HAVE_COROUTINES 1
| /* end confdefs.h.  */
| an_error "intentional-error-for-test.h"
| 
| int
| main ()
| {
| 
|   ;
|   return 0;
| }
configure:8059: result: yes
configure:8087: checking whether g++ accepts -Wno-unused-parameter
configure:8100: g++ -o conftest   -Wno-unused-parameter -Werror     conftest.cpp  >&5
configure:8100: $? = 0
configure:8127: g++ -c   -Wno-unused-parameter -Werror   conftest.cpp >&5
conftest.cpp:22:1: error: 'an_error' does not name a type
   22 | an_error "intentional-error-for-test.h"
      | ^~~~~~~~
configure:8127: $? = 1
configure: failed program was:
| /* confdefs.h */
| #define PACKAGE_NAME "Verilator"
| #define PACKAGE_TARNAME "verilator"
| #define PACKAGE_VERSION "5.027 devel"
| #define PACKAGE_STRING "Verilator 5.027 devel"
| #define PACKAGE_BUGREPORT "https://verilator.org"
| #define PACKAGE_URL "https://verilator.org"
| #define PACKAGE_VERSION_NUMBER_STRING "5.027"
| #define PACKAGE_VERSION_STRING_CHAR static const char* const PACKAGE_STRING_UNUSED = "Verilator 5.027 devel";
| #define STDC_HEADERS 1
| #define HAVE_SYS_TYPES_H 1
| #define HAVE_SYS_STAT_H 1
| #define HAVE_STDLIB_H 1
| #define HAVE_STRING_H 1
| #define HAVE_MEMORY_H 1
| #define HAVE_STRINGS_H 1
| #define HAVE_INTTYPES_H 1
| #define HAVE_STDINT_H 1
| #define HAVE_UNISTD_H 1
| #define HAVE_COROUTINES 1
| /* end confdefs.h.  */
| an_error "intentional-error-for-test.h"
| 
| int
| main ()
| {
| 
|   ;
|   return 0;
| }
configure:8138: result: yes
configure:8166: checking whether g++ accepts -Wno-unused-variable
configure:8179: g++ -o conftest   -Wno-unused-variable -Werror     conftest.cpp  >&5
configure:8179: $? = 0
configure:8206: g++ -c   -Wno-unused-variable -Werror   conftest.cpp >&5
conftest.cpp:22:1: error: 'an_error' does not name a type
   22 | an_error "intentional-error-for-test.h"
      | ^~~~~~~~
configure:8206: $? = 1
configure: failed program was:
| /* confdefs.h */
| #define PACKAGE_NAME "Verilator"
| #define PACKAGE_TARNAME "verilator"
| #define PACKAGE_VERSION "5.027 devel"
| #define PACKAGE_STRING "Verilator 5.027 devel"
| #define PACKAGE_BUGREPORT "https://verilator.org"
| #define PACKAGE_URL "https://verilator.org"
| #define PACKAGE_VERSION_NUMBER_STRING "5.027"
| #define PACKAGE_VERSION_STRING_CHAR static const char* const PACKAGE_STRING_UNUSED = "Verilator 5.027 devel";
| #define STDC_HEADERS 1
| #define HAVE_SYS_TYPES_H 1
| #define HAVE_SYS_STAT_H 1
| #define HAVE_STDLIB_H 1
| #define HAVE_STRING_H 1
| #define HAVE_MEMORY_H 1
| #define HAVE_STRINGS_H 1
| #define HAVE_INTTYPES_H 1
| #define HAVE_STDINT_H 1
| #define HAVE_UNISTD_H 1
| #define HAVE_COROUTINES 1
| /* end confdefs.h.  */
| an_error "intentional-error-for-test.h"
| 
| int
| main ()
| {
| 
|   ;
|   return 0;
| }
configure:8217: result: yes
configure:8247: checking whether g++ linker accepts -mt
configure:8260: g++ -o conftest       conftest.cpp  -mt >&5
g++: error: unrecognized command-line option '-mt'; did you mean '-MT'?
configure:8260: $? = 1
configure: failed program was:
| /* confdefs.h */
| #define PACKAGE_NAME "Verilator"
| #define PACKAGE_TARNAME "verilator"
| #define PACKAGE_VERSION "5.027 devel"
| #define PACKAGE_STRING "Verilator 5.027 devel"
| #define PACKAGE_BUGREPORT "https://verilator.org"
| #define PACKAGE_URL "https://verilator.org"
| #define PACKAGE_VERSION_NUMBER_STRING "5.027"
| #define PACKAGE_VERSION_STRING_CHAR static const char* const PACKAGE_STRING_UNUSED = "Verilator 5.027 devel";
| #define STDC_HEADERS 1
| #define HAVE_SYS_TYPES_H 1
| #define HAVE_SYS_STAT_H 1
| #define HAVE_STDLIB_H 1
| #define HAVE_STRING_H 1
| #define HAVE_MEMORY_H 1
| #define HAVE_STRINGS_H 1
| #define HAVE_INTTYPES_H 1
| #define HAVE_STDINT_H 1
| #define HAVE_UNISTD_H 1
| #define HAVE_COROUTINES 1
| /* end confdefs.h.  */
| 
| int
| main ()
| {
| 
|   ;
|   return 0;
| }
configure:8272: result: no
configure:8297: checking whether g++ linker accepts -pthread
configure:8310: g++ -o conftest       conftest.cpp  -pthread >&5
configure:8310: $? = 0
configure:8322: result: yes
configure:8347: checking whether g++ linker accepts -lpthread
configure:8360: g++ -o conftest       conftest.cpp  -lpthread >&5
configure:8360: $? = 0
configure:8372: result: yes
configure:8397: checking whether g++ linker accepts -latomic
configure:8410: g++ -o conftest       conftest.cpp  -latomic >&5
/opt/rh/gcc-toolset-12/root/usr/libexec/gcc/x86_64-redhat-linux/12/ld: cannot find -latomic: No such file or directory
collect2: error: ld returned 1 exit status
configure:8410: $? = 1
configure: failed program was:
| /* confdefs.h */
| #define PACKAGE_NAME "Verilator"
| #define PACKAGE_TARNAME "verilator"
| #define PACKAGE_VERSION "5.027 devel"
| #define PACKAGE_STRING "Verilator 5.027 devel"
| #define PACKAGE_BUGREPORT "https://verilator.org"
| #define PACKAGE_URL "https://verilator.org"
| #define PACKAGE_VERSION_NUMBER_STRING "5.027"
| #define PACKAGE_VERSION_STRING_CHAR static const char* const PACKAGE_STRING_UNUSED = "Verilator 5.027 devel";
| #define STDC_HEADERS 1
| #define HAVE_SYS_TYPES_H 1
| #define HAVE_SYS_STAT_H 1
| #define HAVE_STDLIB_H 1
| #define HAVE_STRING_H 1
| #define HAVE_MEMORY_H 1
| #define HAVE_STRINGS_H 1
| #define HAVE_INTTYPES_H 1
| #define HAVE_STDINT_H 1
| #define HAVE_UNISTD_H 1
| #define HAVE_COROUTINES 1
| /* end confdefs.h.  */
| 
| int
| main ()
| {
| 
|   ;
|   return 0;
| }
configure:8422: result: no
configure:8451: checking whether g++ linker accepts -fuse-ld=mold
configure:8464: g++ -o conftest       conftest.cpp  -fuse-ld=mold >&5
collect2: fatal error: cannot find 'ld'
compilation terminated.
configure:8464: $? = 1
configure: failed program was:
| /* confdefs.h */
| #define PACKAGE_NAME "Verilator"
| #define PACKAGE_TARNAME "verilator"
| #define PACKAGE_VERSION "5.027 devel"
| #define PACKAGE_STRING "Verilator 5.027 devel"
| #define PACKAGE_BUGREPORT "https://verilator.org"
| #define PACKAGE_URL "https://verilator.org"
| #define PACKAGE_VERSION_NUMBER_STRING "5.027"
| #define PACKAGE_VERSION_STRING_CHAR static const char* const PACKAGE_STRING_UNUSED = "Verilator 5.027 devel";
| #define STDC_HEADERS 1
| #define HAVE_SYS_TYPES_H 1
| #define HAVE_SYS_STAT_H 1
| #define HAVE_STDLIB_H 1
| #define HAVE_STRING_H 1
| #define HAVE_MEMORY_H 1
| #define HAVE_STRINGS_H 1
| #define HAVE_INTTYPES_H 1
| #define HAVE_STDINT_H 1
| #define HAVE_UNISTD_H 1
| #define HAVE_COROUTINES 1
| /* end confdefs.h.  */
| 
| int
| main ()
| {
| 
|   ;
|   return 0;
| }
configure:8476: result: no
configure:8498: checking whether g++ linker accepts -fuse-ld=mold
configure:8511: g++ -o conftest       conftest.cpp  -fuse-ld=mold >&5
collect2: fatal error: cannot find 'ld'
compilation terminated.
configure:8511: $? = 1
configure: failed program was:
| /* confdefs.h */
| #define PACKAGE_NAME "Verilator"
| #define PACKAGE_TARNAME "verilator"
| #define PACKAGE_VERSION "5.027 devel"
| #define PACKAGE_STRING "Verilator 5.027 devel"
| #define PACKAGE_BUGREPORT "https://verilator.org"
| #define PACKAGE_URL "https://verilator.org"
| #define PACKAGE_VERSION_NUMBER_STRING "5.027"
| #define PACKAGE_VERSION_STRING_CHAR static const char* const PACKAGE_STRING_UNUSED = "Verilator 5.027 devel";
| #define STDC_HEADERS 1
| #define HAVE_SYS_TYPES_H 1
| #define HAVE_SYS_STAT_H 1
| #define HAVE_STDLIB_H 1
| #define HAVE_STRING_H 1
| #define HAVE_MEMORY_H 1
| #define HAVE_STRINGS_H 1
| #define HAVE_INTTYPES_H 1
| #define HAVE_STDINT_H 1
| #define HAVE_UNISTD_H 1
| #define HAVE_COROUTINES 1
| /* end confdefs.h.  */
| 
| int
| main ()
| {
| 
|   ;
|   return 0;
| }
configure:8523: result: no
configure:8548: checking whether g++ linker accepts -static-libgcc
configure:8561: g++ -o conftest       conftest.cpp  -static-libgcc >&5
configure:8561: $? = 0
configure:8573: result: yes
configure:8595: checking whether g++ linker accepts -static-libstdc++
configure:8608: g++ -o conftest       conftest.cpp  -static-libstdc++ >&5
configure:8608: $? = 0
configure:8620: result: yes
configure:8642: checking whether g++ linker accepts -Xlinker -gc-sections
configure:8655: g++ -o conftest       conftest.cpp  -Xlinker -gc-sections >&5
configure:8655: $? = 0
configure:8667: result: yes
configure:8700: checking whether g++ linker accepts -lpthread
configure:8713: g++ -o conftest       conftest.cpp  -lpthread >&5
configure:8713: $? = 0
configure:8725: result: yes
configure:8747: checking whether g++ linker accepts -latomic
configure:8760: g++ -o conftest       conftest.cpp  -latomic >&5
/opt/rh/gcc-toolset-12/root/usr/libexec/gcc/x86_64-redhat-linux/12/ld: cannot find -latomic: No such file or directory
collect2: error: ld returned 1 exit status
configure:8760: $? = 1
configure: failed program was:
| /* confdefs.h */
| #define PACKAGE_NAME "Verilator"
| #define PACKAGE_TARNAME "verilator"
| #define PACKAGE_VERSION "5.027 devel"
| #define PACKAGE_STRING "Verilator 5.027 devel"
| #define PACKAGE_BUGREPORT "https://verilator.org"
| #define PACKAGE_URL "https://verilator.org"
| #define PACKAGE_VERSION_NUMBER_STRING "5.027"
| #define PACKAGE_VERSION_STRING_CHAR static const char* const PACKAGE_STRING_UNUSED = "Verilator 5.027 devel";
| #define STDC_HEADERS 1
| #define HAVE_SYS_TYPES_H 1
| #define HAVE_SYS_STAT_H 1
| #define HAVE_STDLIB_H 1
| #define HAVE_STRING_H 1
| #define HAVE_MEMORY_H 1
| #define HAVE_STRINGS_H 1
| #define HAVE_INTTYPES_H 1
| #define HAVE_STDINT_H 1
| #define HAVE_UNISTD_H 1
| #define HAVE_COROUTINES 1
| /* end confdefs.h.  */
| 
| int
| main ()
| {
| 
|   ;
|   return 0;
| }
configure:8772: result: no
configure:8796: checking whether g++ linker accepts -lbcrypt
configure:8809: g++ -o conftest       conftest.cpp  -lbcrypt >&5
/opt/rh/gcc-toolset-12/root/usr/libexec/gcc/x86_64-redhat-linux/12/ld: cannot find -lbcrypt: No such file or directory
collect2: error: ld returned 1 exit status
configure:8809: $? = 1
configure: failed program was:
| /* confdefs.h */
| #define PACKAGE_NAME "Verilator"
| #define PACKAGE_TARNAME "verilator"
| #define PACKAGE_VERSION "5.027 devel"
| #define PACKAGE_STRING "Verilator 5.027 devel"
| #define PACKAGE_BUGREPORT "https://verilator.org"
| #define PACKAGE_URL "https://verilator.org"
| #define PACKAGE_VERSION_NUMBER_STRING "5.027"
| #define PACKAGE_VERSION_STRING_CHAR static const char* const PACKAGE_STRING_UNUSED = "Verilator 5.027 devel";
| #define STDC_HEADERS 1
| #define HAVE_SYS_TYPES_H 1
| #define HAVE_SYS_STAT_H 1
| #define HAVE_STDLIB_H 1
| #define HAVE_STRING_H 1
| #define HAVE_MEMORY_H 1
| #define HAVE_STRINGS_H 1
| #define HAVE_INTTYPES_H 1
| #define HAVE_STDINT_H 1
| #define HAVE_UNISTD_H 1
| #define HAVE_COROUTINES 1
| /* end confdefs.h.  */
| 
| int
| main ()
| {
| 
|   ;
|   return 0;
| }
configure:8821: result: no
configure:8843: checking whether g++ linker accepts -lpsapi
configure:8856: g++ -o conftest       conftest.cpp  -lpsapi >&5
/opt/rh/gcc-toolset-12/root/usr/libexec/gcc/x86_64-redhat-linux/12/ld: cannot find -lpsapi: No such file or directory
collect2: error: ld returned 1 exit status
configure:8856: $? = 1
configure: failed program was:
| /* confdefs.h */
| #define PACKAGE_NAME "Verilator"
| #define PACKAGE_TARNAME "verilator"
| #define PACKAGE_VERSION "5.027 devel"
| #define PACKAGE_STRING "Verilator 5.027 devel"
| #define PACKAGE_BUGREPORT "https://verilator.org"
| #define PACKAGE_URL "https://verilator.org"
| #define PACKAGE_VERSION_NUMBER_STRING "5.027"
| #define PACKAGE_VERSION_STRING_CHAR static const char* const PACKAGE_STRING_UNUSED = "Verilator 5.027 devel";
| #define STDC_HEADERS 1
| #define HAVE_SYS_TYPES_H 1
| #define HAVE_SYS_STAT_H 1
| #define HAVE_STDLIB_H 1
| #define HAVE_STRING_H 1
| #define HAVE_MEMORY_H 1
| #define HAVE_STRINGS_H 1
| #define HAVE_INTTYPES_H 1
| #define HAVE_STDINT_H 1
| #define HAVE_UNISTD_H 1
| #define HAVE_COROUTINES 1
| /* end confdefs.h.  */
| 
| int
| main ()
| {
| 
|   ;
|   return 0;
| }
configure:8868: result: no
configure:8890: checking whether g++ linker accepts -l:libtcmalloc_minimal.a
configure:8903: g++ -o conftest       conftest.cpp  -l:libtcmalloc_minimal.a >&5
/opt/rh/gcc-toolset-12/root/usr/libexec/gcc/x86_64-redhat-linux/12/ld: cannot find -l:libtcmalloc_minimal.a: No such file or directory
collect2: error: ld returned 1 exit status
configure:8903: $? = 1
configure: failed program was:
| /* confdefs.h */
| #define PACKAGE_NAME "Verilator"
| #define PACKAGE_TARNAME "verilator"
| #define PACKAGE_VERSION "5.027 devel"
| #define PACKAGE_STRING "Verilator 5.027 devel"
| #define PACKAGE_BUGREPORT "https://verilator.org"
| #define PACKAGE_URL "https://verilator.org"
| #define PACKAGE_VERSION_NUMBER_STRING "5.027"
| #define PACKAGE_VERSION_STRING_CHAR static const char* const PACKAGE_STRING_UNUSED = "Verilator 5.027 devel";
| #define STDC_HEADERS 1
| #define HAVE_SYS_TYPES_H 1
| #define HAVE_SYS_STAT_H 1
| #define HAVE_STDLIB_H 1
| #define HAVE_STRING_H 1
| #define HAVE_MEMORY_H 1
| #define HAVE_STRINGS_H 1
| #define HAVE_INTTYPES_H 1
| #define HAVE_STDINT_H 1
| #define HAVE_UNISTD_H 1
| #define HAVE_COROUTINES 1
| /* end confdefs.h.  */
| 
| int
| main ()
| {
| 
|   ;
|   return 0;
| }
configure:8915: result: no
configure:9246: checking whether g++ supports C++14
configure:9265: g++ -o conftest       conftest.cpp  >&5
configure:9265: $? = 0
configure:9278: result: yes
configure:9333: checking for g++ precompile header include option
configure:9344: result: -include
configure:9350: checking for struct stat.st_mtim.tv_nsec
configure:9350: g++ -c     conftest.cpp >&5
configure:9350: $? = 0
configure:9350: result: yes
configure:9363: checking whether SystemC is found (in system path)
configure:9380: g++ -o conftest       conftest.cpp  -lsystemc >&5
conftest.cpp:23:10: fatal error: systemc.h: No such file or directory
   23 | #include <systemc.h>
      |          ^~~~~~~~~~~
compilation terminated.
configure:9380: $? = 1
configure: failed program was:
| /* confdefs.h */
| #define PACKAGE_NAME "Verilator"
| #define PACKAGE_TARNAME "verilator"
| #define PACKAGE_VERSION "5.027 devel"
| #define PACKAGE_STRING "Verilator 5.027 devel"
| #define PACKAGE_BUGREPORT "https://verilator.org"
| #define PACKAGE_URL "https://verilator.org"
| #define PACKAGE_VERSION_NUMBER_STRING "5.027"
| #define PACKAGE_VERSION_STRING_CHAR static const char* const PACKAGE_STRING_UNUSED = "Verilator 5.027 devel";
| #define STDC_HEADERS 1
| #define HAVE_SYS_TYPES_H 1
| #define HAVE_SYS_STAT_H 1
| #define HAVE_STDLIB_H 1
| #define HAVE_STRING_H 1
| #define HAVE_MEMORY_H 1
| #define HAVE_STRINGS_H 1
| #define HAVE_INTTYPES_H 1
| #define HAVE_STDINT_H 1
| #define HAVE_UNISTD_H 1
| #define HAVE_COROUTINES 1
| #define HAVE_STAT_NSEC 1
| /* end confdefs.h.  */
| #include <systemc.h>
|                      extern "C" int sc_main(int argc, char* argv[]) { return 0; }
| 
| int
| main ()
| {
| sc_version()
|   ;
|   return 0;
| }
configure:9390: result: no
configure:9517: creating ./config.status

## ---------------------- ##
## Running config.status. ##
## ---------------------- ##

This file was extended by Verilator config.status 5.027 devel, which was
generated by GNU Autoconf 2.69.  Invocation command line was

  CONFIG_FILES    = 
  CONFIG_HEADERS  = 
  CONFIG_LINKS    = 
  CONFIG_COMMANDS = 
  $ ./config.status 

on parma

config.status:857: creating Makefile
config.status:857: creating src/Makefile
config.status:857: creating src/Makefile_obj
config.status:857: creating include/verilated.mk
config.status:857: creating include/verilated_config.h
config.status:857: creating verilator.pc
config.status:857: creating verilator-config.cmake
config.status:857: creating verilator-config-version.cmake
config.status:857: creating src/config_package.h
config.status:1032: src/config_package.h is unchanged
configure:10690: result: 
configure:10692: result: Now type 'make' (or sometimes 'gmake') to build Verilator.
configure:10694: result: 

## ---------------- ##
## Cache variables. ##
## ---------------- ##

ac_cv_c_compiler_gnu=yes
ac_cv_c_inline=inline
ac_cv_cxx_compiler_gnu=yes
ac_cv_env_CCC_set=
ac_cv_env_CCC_value=
ac_cv_env_CC_set=
ac_cv_env_CC_value=
ac_cv_env_CFLAGS_set=
ac_cv_env_CFLAGS_value=
ac_cv_env_CPPFLAGS_set=
ac_cv_env_CPPFLAGS_value=
ac_cv_env_CXXCPP_set=
ac_cv_env_CXXCPP_value=
ac_cv_env_CXXFLAGS_set=
ac_cv_env_CXXFLAGS_value=
ac_cv_env_CXX_set=
ac_cv_env_CXX_value=
ac_cv_env_LDFLAGS_set=
ac_cv_env_LDFLAGS_value=
ac_cv_env_LIBS_set=
ac_cv_env_LIBS_value=
ac_cv_env_build_alias_set=
ac_cv_env_build_alias_value=
ac_cv_env_host_alias_set=
ac_cv_env_host_alias_value=
ac_cv_env_target_alias_set=
ac_cv_env_target_alias_value=
ac_cv_header_inttypes_h=yes
ac_cv_header_memory_h=yes
ac_cv_header_stdc=yes
ac_cv_header_stdint_h=yes
ac_cv_header_stdlib_h=yes
ac_cv_header_string_h=yes
ac_cv_header_strings_h=yes
ac_cv_header_sys_stat_h=yes
ac_cv_header_sys_types_h=yes
ac_cv_header_unistd_h=yes
ac_cv_member_struct_stat_st_mtim_tv_nsec=yes
ac_cv_objext=o
ac_cv_path_EGREP='/usr/bin/grep -E'
ac_cv_path_GREP=/usr/bin/grep
ac_cv_path_LEX=/usr/bin/flex
ac_cv_path_PERL=/usr/bin/perl
ac_cv_path_PYTHON3=/home/yilou/Desktop/OSVISE/Asyn_Fifo/Asyn_Fifo/sv_tb/verilator_sim/myenv/bin/python3
ac_cv_path_YACC=/usr/bin/bison
ac_cv_path_install='/usr/bin/install -c'
ac_cv_prog_AR=ar
ac_cv_prog_CXXCPP='g++ -E'
ac_cv_prog_HAVE_Z3=yes
ac_cv_prog_ac_ct_CC=gcc
ac_cv_prog_ac_ct_CXX=g++
ac_cv_prog_cc_c89=
ac_cv_prog_cc_g=yes
ac_cv_prog_cxx_g=yes
ac_cv_type_size_t=yes

## ----------------- ##
## Output variables. ##
## ----------------- ##

AR='ar'
CC='gcc'
CFG_CXXFLAGS_COROUTINES='-fcoroutines'
CFG_CXXFLAGS_DEBUG=' -Og -ggdb -gz'
CFG_CXXFLAGS_NO_UNUSED=' -faligned-new -fcf-protection=none -Wno-bool-operation -Wno-shadow -Wno-sign-compare -Wno-tautological-compare -Wno-uninitialized -Wno-unused-but-set-parameter -Wno-unused-but-set-variable -Wno-unused-parameter -Wno-unused-variable'
CFG_CXXFLAGS_PARSER=' -Wno-char-subscripts -Wno-unused'
CFG_CXXFLAGS_PCH_I='-include'
CFG_CXXFLAGS_PROFILE=' -pg'
CFG_CXXFLAGS_SRC=' -faligned-new -Wno-unused-parameter -Wno-shadow'
CFG_CXXFLAGS_STD=''
CFG_CXXFLAGS_STD_NEWEST='-std=gnu++17'
CFG_CXXFLAGS_WEXTRA=' -Wextra -Wfloat-conversion -Wlogical-op'
CFG_CXX_FLAGS_CMAKE='-faligned-new -fbracket-depth=4096 -fcf-protection=none -mno-cet -Qunused-arguments -Wno-bool-operation -Wno-c++11-narrowing -Wno-constant-logical-operand -Wno-non-pod-varargs -Wno-parentheses-equality -Wno-shadow -Wno-sign-compare -Wno-tautological-bitwise-compare -Wno-tautological-compare -Wno-uninitialized -Wno-unused-but-set-parameter -Wno-unused-but-set-variable -Wno-unused-parameter -Wno-unused-variable'
CFG_GCH_IF_CLANG=''
CFG_LDFLAGS_DEBUG=' -gz'
CFG_LDFLAGS_SRC=' -static-libgcc -static-libstdc++ -Xlinker -gc-sections'
CFG_LDFLAGS_THREADS_CMAKE=' -mt -pthread -lpthread -latomic'
CFG_LDFLAGS_VERILATED=''
CFG_LDLIBS_THREADS=' -pthread -lpthread'
CFG_LIBS='  -lpthread'
CFG_WITH_CCWARN='no'
CFG_WITH_DEFENV='yes'
CFG_WITH_LONGTESTS='no'
CFG_WITH_SOLVER='z3 --in'
CFLAGS=' '
CPPFLAGS=' '
CXX='g++'
CXXCPP='g++ -E'
CXXFLAGS=' '
DEFS='-DHAVE_CONFIG_H'
ECHO_C=''
ECHO_N='-n'
ECHO_T=''
EGREP='/usr/bin/grep -E'
EXEEXT=''
GREP='/usr/bin/grep'
HAVE_COROUTINES=''
HAVE_CVC4=''
HAVE_CVC5=''
HAVE_SYSTEMC=''
HAVE_Z3='yes'
INSTALL_DATA='${INSTALL} -m 644'
INSTALL_PROGRAM='${INSTALL}'
INSTALL_SCRIPT='${INSTALL}'
LDFLAGS=' '
LEX='/usr/bin/flex'
LIBOBJS=''
LIBS=''
LTLIBOBJS=''
OBJCACHE=''
OBJEXT='o'
PACKAGE_BUGREPORT='https://verilator.org'
PACKAGE_NAME='Verilator'
PACKAGE_STRING='Verilator 5.027 devel'
PACKAGE_TARNAME='verilator'
PACKAGE_URL='https://verilator.org'
PACKAGE_VERSION='5.027 devel'
PACKAGE_VERSION_NUMBER='5.027'
PACKAGE_VERSION_STRING_CHAR=''
PATH_SEPARATOR=':'
PERL='/usr/bin/perl'
PYTHON3='/home/yilou/Desktop/OSVISE/Asyn_Fifo/Asyn_Fifo/sv_tb/verilator_sim/myenv/bin/python3'
SHELL='/bin/sh'
VERILATOR_VERSION_INTEGER='5027000'
YACC='/usr/bin/bison'
ac_ct_CC='gcc'
ac_ct_CXX='g++'
bindir='${exec_prefix}/bin'
build_alias=''
datadir='${datarootdir}'
datarootdir='${prefix}/share'
docdir='${datarootdir}/doc/${PACKAGE_TARNAME}'
dvidir='${docdir}'
exec_prefix='${prefix}'
host_alias=''
htmldir='${docdir}'
includedir='${prefix}/include'
infodir='${datarootdir}/info'
libdir='${exec_prefix}/lib'
libexecdir='${exec_prefix}/libexec'
localedir='${datarootdir}/locale'
localstatedir='${prefix}/var'
mandir='${datarootdir}/man'
oldincludedir='/usr/include'
pdfdir='${docdir}'
pkgconfigdir='${datarootdir}/pkgconfig'
pkgdatadir='${datarootdir}/verilator'
prefix='/usr/local'
program_transform_name='s,x,x,'
psdir='${docdir}'
sbindir='${exec_prefix}/sbin'
sharedstatedir='${prefix}/com'
sysconfdir='${prefix}/etc'
target_alias=''

## ----------- ##
## confdefs.h. ##
## ----------- ##

/* confdefs.h */
#define PACKAGE_NAME "Verilator"
#define PACKAGE_TARNAME "verilator"
#define PACKAGE_VERSION "5.027 devel"
#define PACKAGE_STRING "Verilator 5.027 devel"
#define PACKAGE_BUGREPORT "https://verilator.org"
#define PACKAGE_URL "https://verilator.org"
#define PACKAGE_VERSION_NUMBER_STRING "5.027"
#define PACKAGE_VERSION_STRING_CHAR static const char* const PACKAGE_STRING_UNUSED = "Verilator 5.027 devel";
#define STDC_HEADERS 1
#define HAVE_SYS_TYPES_H 1
#define HAVE_SYS_STAT_H 1
#define HAVE_STDLIB_H 1
#define HAVE_STRING_H 1
#define HAVE_MEMORY_H 1
#define HAVE_STRINGS_H 1
#define HAVE_INTTYPES_H 1
#define HAVE_STDINT_H 1
#define HAVE_UNISTD_H 1
#define HAVE_COROUTINES 1
#define HAVE_STAT_NSEC 1

configure: exit 0
